#
# A fatal error has been detected by the Java Runtime Environment:
#
#  SIGSEGV (0xb) at pc=0x07155127, pid=18614, tid=3016764224
#
# JRE version: 6.0_24-b24
# Java VM: OpenJDK Client VM (20.0-b12 mixed mode, sharing linux-x86 )
# Derivative: IcedTea6 1.11.4
# Distribution: Ubuntu 12.04 LTS, package 6b24-1.11.4-1ubuntu0.12.04.1
# Problematic frame:
# V  [libjvm.so+0x1ea127]  instanceKlass::oop_follow_contents(oopDesc*)+0x137
#
# If you would like to submit a bug report, please include
# instructions how to reproduce the bug and visit:
#   https://bugs.launchpad.net/ubuntu/+source/openjdk-6/
#

---------------  T H R E A D  ---------------

Current thread (0x08ef8c00):  VMThread [stack: 0xb3c82000,0xb3d03000] [id=18626]

siginfo:si_signo=SIGSEGV: si_errno=0, si_code=1 (SEGV_MAPERR), si_addr=0x00000003

Registers:
EAX=0x00000003, EBX=0x07494ff4, ECX=0x84799678, EDX=0xb3bf60e0
ESP=0xb3d019d0, EBP=0x6eb79e90, ESI=0x00000003, EDI=0x0040002c
EIP=0x07155127, EFLAGS=0x00210206, CR2=0x00000003

Top of Stack: (sp=0xb3d019d0)
0xb3d019d0:   6e779e60 a8026e89 847d17b8 070e1b8c
0xb3d019e0:   847d17cc 6eb79eb4 84799678 84799680
0xb3d019f0:   074a7840 b0262388 00000ffc 07494ff4
0xb3d01a00:   074a7840 074a7780 6e779e60 07224aae
0xb3d01a10:   84799100 6e779e60 9484652c 071550fc
0xb3d01a20:   94882da0 00000001 b3d01aac 0710b2ad
0xb3d01a30:   b3d01aac 94846568 941841b0 941841b0
0xb3d01a40:   b3d01a80 07494ff4 b3d01a98 07494ff4 

Instructions: (pc=0x07155127)
0x07155107:   04 74 6e 8b 57 1c 89 34 82 8b 77 10 46 89 77 10
0x07155117:   83 c5 04 39 6c 24 14 76 68 8b 75 00 85 f6 74 f0
0x07155127:   8b 06 83 e0 03 83 f8 03 74 e6 8b 93 5c ee ff ff
0x07155137:   8b 06 c7 06 03 00 00 00 80 3a 00 74 a4 89 c1 83 

Register to memory mapping:

EAX=0x00000003 is an unknown value
EBX=0x07494ff4: <offset 0x529ff4> in /usr/lib/jvm/java-6-openjdk-i386/jre/bin/../lib/i386/client/libjvm.so at 0x06f6b000
ECX=0x84799678 is an oop
{instance class} 
 - klass: {other class}
EDX=0xb3bf60e0 is an unknown value
ESP=0xb3d019d0 is an unknown value
EBP=0x6eb79e90 is an oop
java.util.ArrayList 
 - klass: 'java/util/ArrayList'
ESI=0x00000003 is an unknown value
EDI=0x0040002c: <offset 0x1f02c> in /usr/lib/i386-linux-gnu/libpangoft2-1.0.so.0 at 0x003e1000


Stack: [0xb3c82000,0xb3d03000],  sp=0xb3d019d0,  free space=510k
Native frames: (J=compiled Java code, j=interpreted, Vv=VM code, C=native code)
V  [libjvm.so+0x1ea127]  instanceKlass::oop_follow_contents(oopDesc*)+0x137

VM_Operation (0xb0b59d9c): GenCollectFull, mode: safepoint, requested by thread 0xb3bf0c00


---------------  P R O C E S S  ---------------

Java Threads: ( => current thread )
  0xb3bf0c00 JavaThread "Worker-58" [_thread_blocked, id=20228, stack(0xb0b0a000,0xb0b5b000)]
  0xb3bb9000 JavaThread "Worker-56" [_thread_blocked, id=20216, stack(0xb0a68000,0xb0ab9000)]
  0xb3bd7400 JavaThread "Device Client Monitor" [_thread_in_native, id=20050, stack(0xb0b5b000,0xb0bac000)]
  0xb3bd5400 JavaThread "Device List Monitor" [_thread_in_native, id=20049, stack(0xb09c6000,0xb0a17000)]
  0xb3b29800 JavaThread "Monitor" [_thread_in_native, id=20027, stack(0xb08d3000,0xb0924000)]
  0x0983e800 JavaThread "org.eclipse.jdt.internal.ui.text.JavaReconciler" daemon [_thread_blocked, id=19588, stack(0xb0a17000,0xb0a68000)]
  0x0987c400 JavaThread "org.eclipse.jdt.internal.ui.text.JavaReconciler" daemon [_thread_blocked, id=19350, stack(0xb0c4e000,0xb0c9f000)]
  0x09612c00 JavaThread "org.eclipse.jdt.internal.ui.text.JavaReconciler" daemon [_thread_blocked, id=18735, stack(0xb2dff000,0xb2e50000)]
  0xb31e6400 JavaThread "Java indexing" daemon [_thread_blocked, id=18691, stack(0xb2915000,0xb2966000)]
  0xb35f9800 JavaThread "Bundle File Closer" daemon [_thread_blocked, id=18690, stack(0xb2d18000,0xb2d69000)]
  0xb6c04c00 JavaThread "[ThreadPool Manager] - Idle Thread" daemon [_thread_blocked, id=18641, stack(0xb3299000,0xb32ea000)]
  0xb390fc00 JavaThread "Worker-JM" [_thread_blocked, id=18639, stack(0xb333b000,0xb338c000)]
  0xb3908800 JavaThread "[Timer] - Main Queue Handler" daemon [_thread_blocked, id=18638, stack(0xb32ea000,0xb333b000)]
  0xb390c400 JavaThread "Framework Event Dispatcher" daemon [_thread_blocked, id=18636, stack(0xb338c000,0xb33dd000)]
  0x08f28c00 JavaThread "Start Level Event Dispatcher" daemon [_thread_blocked, id=18635, stack(0xb33dd000,0xb342e000)]
  0x08f75800 JavaThread "State Data Manager" daemon [_thread_blocked, id=18634, stack(0xb342e000,0xb347f000)]
  0x08f5dc00 JavaThread "Framework Active Thread" [_thread_blocked, id=18633, stack(0xb372e000,0xb377f000)]
  0x08f03400 JavaThread "Low Memory Detector" daemon [_thread_blocked, id=18631, stack(0xb3a0d000,0xb3a5e000)]
  0x08f01400 JavaThread "C1 CompilerThread0" daemon [_thread_blocked, id=18630, stack(0xb377f000,0xb3800000)]
  0x08effc00 JavaThread "Signal Dispatcher" daemon [_thread_blocked, id=18629, stack(0xb3a5e000,0xb3aaf000)]
  0x08efc000 JavaThread "Finalizer" daemon [_thread_blocked, id=18628, stack(0xb3aaf000,0xb3b00000)]
  0x08efa800 JavaThread "Reference Handler" daemon [_thread_blocked, id=18627, stack(0xb3c31000,0xb3c82000)]
  0x08eccc00 JavaThread "main" [_thread_blocked, id=18614, stack(0xbfac5000,0xbfb15000)]

Other Threads:
=>0x08ef8c00 VMThread [stack: 0xb3c82000,0xb3d03000] [id=18626]
  0x08f05800 WatcherThread [stack: 0xb347f000,0xb3500000] [id=18632]

VM state:at safepoint (normal execution)

VM Mutex/Monitor currently owned by a thread:  ([mutex/lock_event])
[0x08ecb960] Threads_lock - owner thread: 0x08ef8c00
[0x08ecbd70] Heap_lock - owner thread: 0xb3bf0c00

Heap
 def new generation   total 82944K, used 6512K [0x63780000, 0x69180000, 0x6e220000)
  eden space 73728K,   8% used [0x63780000, 0x63ddc240, 0x67f80000)
  from space 9216K,   0% used [0x67f80000, 0x67f80000, 0x68880000)
  to   space 9216K,   0% used [0x68880000, 0x68880000, 0x69180000)
 tenured generation   total 184140K, used 110482K [0x6e220000, 0x795f3000, 0x83780000)
   the space 184140K,  59% used [0x6e220000, 0x74e04ab0, 0x74e04c00, 0x795f3000)
 compacting perm gen  total 67584K, used 67433K [0x83780000, 0x87980000, 0x93780000)
   the space 67584K,  99% used [0x83780000, 0x8795a688, 0x8795a800, 0x87980000)
    ro space 10240K,  73% used [0x93780000, 0x93ee0340, 0x93ee0400, 0x94180000)
    rw space 12288K,  60% used [0x94180000, 0x948c8e50, 0x948c9000, 0x94d80000)

Code Cache  [0xb4200000, 0xb51c0000, 0xb6200000)
 total_blobs=7038 nmethods=6812 adapters=155 free_code_cache=17076480 largest_free_block=384

Dynamic libraries:
00110000-0014a000 r-xp 00000000 08:05 399002     /lib/i386-linux-gnu/libpcre.so.3.12.1
0014a000-0014b000 r--p 00039000 08:05 399002     /lib/i386-linux-gnu/libpcre.so.3.12.1
0014b000-0014c000 rw-p 0003a000 08:05 399002     /lib/i386-linux-gnu/libpcre.so.3.12.1
0014c000-00153000 r-xp 00000000 08:05 412559     /lib/i386-linux-gnu/librt-2.15.so
00153000-00154000 r--p 00006000 08:05 412559     /lib/i386-linux-gnu/librt-2.15.so
00154000-00155000 rw-p 00007000 08:05 412559     /lib/i386-linux-gnu/librt-2.15.so
00155000-0019c000 r-xp 00000000 08:05 2757170    /usr/lib/i386-linux-gnu/libpango-1.0.so.0.3000.0
0019c000-0019d000 ---p 00047000 08:05 2757170    /usr/lib/i386-linux-gnu/libpango-1.0.so.0.3000.0
0019d000-0019e000 r--p 00047000 08:05 2757170    /usr/lib/i386-linux-gnu/libpango-1.0.so.0.3000.0
0019e000-0019f000 rw-p 00048000 08:05 2757170    /usr/lib/i386-linux-gnu/libpango-1.0.so.0.3000.0
0019f000-001be000 r-xp 00000000 08:05 2759893    /usr/lib/i386-linux-gnu/libgdk_pixbuf-2.0.so.0.2600.1
001be000-001bf000 r--p 0001e000 08:05 2759893    /usr/lib/i386-linux-gnu/libgdk_pixbuf-2.0.so.0.2600.1
001bf000-001c0000 rw-p 0001f000 08:05 2759893    /usr/lib/i386-linux-gnu/libgdk_pixbuf-2.0.so.0.2600.1
001c0000-00313000 r-xp 00000000 08:05 2752949    /usr/lib/i386-linux-gnu/libgio-2.0.so.0.3200.3
00313000-00315000 r--p 00153000 08:05 2752949    /usr/lib/i386-linux-gnu/libgio-2.0.so.0.3200.3
00315000-00316000 rw-p 00155000 08:05 2752949    /usr/lib/i386-linux-gnu/libgio-2.0.so.0.3200.3
00316000-00317000 rw-p 00000000 00:00 0 
00317000-0031e000 r-xp 00000000 08:05 2757768    /usr/lib/i386-linux-gnu/libXrandr.so.2.2.0
0031e000-0031f000 r--p 00006000 08:05 2757768    /usr/lib/i386-linux-gnu/libXrandr.so.2.2.0
0031f000-00320000 rw-p 00007000 08:05 2757768    /usr/lib/i386-linux-gnu/libXrandr.so.2.2.0
00321000-00341000 r-xp 00000000 08:05 412564     /lib/i386-linux-gnu/ld-2.15.so
00341000-00342000 r--p 0001f000 08:05 412564     /lib/i386-linux-gnu/ld-2.15.so
00342000-00343000 rw-p 00020000 08:05 412564     /lib/i386-linux-gnu/ld-2.15.so
00343000-00351000 r-xp 00000000 08:05 2760717    /usr/lib/i386-linux-gnu/libXi.so.6.1.0
00351000-00352000 r--p 0000d000 08:05 2760717    /usr/lib/i386-linux-gnu/libXi.so.6.1.0
00352000-00353000 rw-p 0000e000 08:05 2760717    /usr/lib/i386-linux-gnu/libXi.so.6.1.0
00353000-00355000 r-xp 00000000 08:05 2757859    /usr/lib/i386-linux-gnu/libXcomposite.so.1.0.0
00355000-00356000 r--p 00001000 08:05 2757859    /usr/lib/i386-linux-gnu/libXcomposite.so.1.0.0
00356000-00357000 rw-p 00002000 08:05 2757859    /usr/lib/i386-linux-gnu/libXcomposite.so.1.0.0
00357000-00359000 r-xp 00000000 08:05 2757749    /usr/lib/i386-linux-gnu/libXdamage.so.1.1.0
00359000-0035a000 r--p 00001000 08:05 2757749    /usr/lib/i386-linux-gnu/libXdamage.so.1.1.0
0035a000-0035b000 rw-p 00002000 08:05 2757749    /usr/lib/i386-linux-gnu/libXdamage.so.1.1.0
0035b000-0035f000 r-xp 00000000 08:05 2753320    /usr/lib/i386-linux-gnu/libXfixes.so.3.1.0
0035f000-00360000 r--p 00004000 08:05 2753320    /usr/lib/i386-linux-gnu/libXfixes.so.3.1.0
00360000-00361000 rw-p 00005000 08:05 2753320    /usr/lib/i386-linux-gnu/libXfixes.so.3.1.0
00361000-0038b000 r-xp 00000000 08:05 412563     /lib/i386-linux-gnu/libm-2.15.so
0038b000-0038c000 r--p 00029000 08:05 412563     /lib/i386-linux-gnu/libm-2.15.so
0038c000-0038d000 rw-p 0002a000 08:05 412563     /lib/i386-linux-gnu/libm-2.15.so
0038d000-0038f000 r-xp 00000000 08:05 2754591    /usr/lib/i386-linux-gnu/libxcb-shm.so.0.0.0
0038f000-00390000 r--p 00001000 08:05 2754591    /usr/lib/i386-linux-gnu/libxcb-shm.so.0.0.0
00390000-00391000 rw-p 00002000 08:05 2754591    /usr/lib/i386-linux-gnu/libxcb-shm.so.0.0.0
00392000-003df000 r-xp 00000000 08:05 2757296    /usr/lib/i386-linux-gnu/libgobject-2.0.so.0.3200.3
003df000-003e0000 r--p 0004c000 08:05 2757296    /usr/lib/i386-linux-gnu/libgobject-2.0.so.0.3200.3
003e0000-003e1000 rw-p 0004d000 08:05 2757296    /usr/lib/i386-linux-gnu/libgobject-2.0.so.0.3200.3
003e1000-0040b000 r-xp 00000000 08:05 2757173    /usr/lib/i386-linux-gnu/libpangoft2-1.0.so.0.3000.0
0040b000-0040c000 r--p 00029000 08:05 2757173    /usr/lib/i386-linux-gnu/libpangoft2-1.0.so.0.3000.0
0040c000-0040d000 rw-p 0002a000 08:05 2757173    /usr/lib/i386-linux-gnu/libpangoft2-1.0.so.0.3000.0
0040d000-00421000 r-xp 00000000 08:05 397939     /lib/i386-linux-gnu/libz.so.1.2.3.4
00421000-00422000 r--p 00013000 08:05 397939     /lib/i386-linux-gnu/libz.so.1.2.3.4
00422000-00423000 rw-p 00014000 08:05 397939     /lib/i386-linux-gnu/libz.so.1.2.3.4
00423000-00425000 r-xp 00000000 08:05 2754558    /usr/lib/i386-linux-gnu/libXau.so.6.0.0
00425000-00426000 r--p 00001000 08:05 2754558    /usr/lib/i386-linux-gnu/libXau.so.6.0.0
00426000-00427000 rw-p 00002000 08:05 2754558    /usr/lib/i386-linux-gnu/libXau.so.6.0.0
00427000-0042c000 r-xp 00000000 08:05 2754562    /usr/lib/i386-linux-gnu/libXdmcp.so.6.0.0
0042c000-0042d000 r--p 00004000 08:05 2754562    /usr/lib/i386-linux-gnu/libXdmcp.so.6.0.0
0042d000-0042e000 rw-p 00005000 08:05 2754562    /usr/lib/i386-linux-gnu/libXdmcp.so.6.0.0
0042e000-00435000 r-xp 00000000 08:05 412554     /lib/i386-linux-gnu/libnss_compat-2.15.so
00435000-00436000 r--p 00006000 08:05 412554     /lib/i386-linux-gnu/libnss_compat-2.15.so
00436000-00437000 rw-p 00007000 08:05 412554     /lib/i386-linux-gnu/libnss_compat-2.15.so
00438000-00443000 r-xp 00000000 08:05 2757172    /usr/lib/i386-linux-gnu/libpangocairo-1.0.so.0.3000.0
00443000-00444000 r--p 0000a000 08:05 2757172    /usr/lib/i386-linux-gnu/libpangocairo-1.0.so.0.3000.0
00444000-00445000 rw-p 0000b000 08:05 2757172    /usr/lib/i386-linux-gnu/libpangocairo-1.0.so.0.3000.0
00445000-00462000 r-xp 00000000 08:05 393220     /lib/i386-linux-gnu/libselinux.so.1
00462000-00463000 r--p 0001c000 08:05 393220     /lib/i386-linux-gnu/libselinux.so.1
00463000-00464000 rw-p 0001d000 08:05 393220     /lib/i386-linux-gnu/libselinux.so.1
00464000-00477000 r-xp 00000000 08:05 412557     /lib/i386-linux-gnu/libresolv-2.15.so
00477000-00478000 ---p 00013000 08:05 412557     /lib/i386-linux-gnu/libresolv-2.15.so
00478000-00479000 r--p 00013000 08:05 412557     /lib/i386-linux-gnu/libresolv-2.15.so
00479000-0047a000 rw-p 00014000 08:05 412557     /lib/i386-linux-gnu/libresolv-2.15.so
0047a000-0047c000 rw-p 00000000 00:00 0 
0047c000-004a2000 r-xp 00000000 08:05 394217     /lib/i386-linux-gnu/libexpat.so.1.5.2
004a2000-004a3000 ---p 00026000 08:05 394217     /lib/i386-linux-gnu/libexpat.so.1.5.2
004a3000-004a5000 r--p 00026000 08:05 394217     /lib/i386-linux-gnu/libexpat.so.1.5.2
004a5000-004a6000 rw-p 00028000 08:05 394217     /lib/i386-linux-gnu/libexpat.so.1.5.2
004a6000-004a9000 r-xp 00000000 08:05 2756742    /usr/lib/i386-linux-gnu/gdk-pixbuf-2.0/2.10.0/loaders/libpixbufloader-bmp.so
004a9000-004aa000 r--p 00002000 08:05 2756742    /usr/lib/i386-linux-gnu/gdk-pixbuf-2.0/2.10.0/loaders/libpixbufloader-bmp.so
004aa000-004ab000 rw-p 00003000 08:05 2756742    /usr/lib/i386-linux-gnu/gdk-pixbuf-2.0/2.10.0/loaders/libpixbufloader-bmp.so
004ab000-005a2000 r-xp 00000000 08:05 394721     /lib/i386-linux-gnu/libglib-2.0.so.0.3200.3
005a2000-005a3000 r--p 000f6000 08:05 394721     /lib/i386-linux-gnu/libglib-2.0.so.0.3200.3
005a3000-005a4000 rw-p 000f7000 08:05 394721     /lib/i386-linux-gnu/libglib-2.0.so.0.3200.3
005a4000-0066b000 r-xp 00000000 08:05 2755476    /usr/lib/i386-linux-gnu/libcairo.so.2.11000.2
0066b000-0066c000 r--p 000c7000 08:05 2755476    /usr/lib/i386-linux-gnu/libcairo.so.2.11000.2
0066c000-0066d000 rw-p 000c8000 08:05 2755476    /usr/lib/i386-linux-gnu/libcairo.so.2.11000.2
0066d000-0066f000 rw-p 00000000 00:00 0 
0066f000-00702000 r-xp 00000000 08:05 2755347    /usr/lib/i386-linux-gnu/libpixman-1.so.0.24.4
00702000-00706000 r--p 00092000 08:05 2755347    /usr/lib/i386-linux-gnu/libpixman-1.so.0.24.4
00706000-00707000 rw-p 00096000 08:05 2755347    /usr/lib/i386-linux-gnu/libpixman-1.so.0.24.4
00707000-00708000 r-xp 00000000 00:00 0          [vdso]
00708000-00730000 r-xp 00000000 08:05 399277     /lib/i386-linux-gnu/libpng12.so.0.46.0
00730000-00731000 r--p 00027000 08:05 399277     /lib/i386-linux-gnu/libpng12.so.0.46.0
00731000-00732000 rw-p 00028000 08:05 399277     /lib/i386-linux-gnu/libpng12.so.0.46.0
00734000-007df000 r-xp 00000000 08:05 2760673    /usr/lib/i386-linux-gnu/libgdk-x11-2.0.so.0.2400.10
007df000-007e0000 ---p 000ab000 08:05 2760673    /usr/lib/i386-linux-gnu/libgdk-x11-2.0.so.0.2400.10
007e0000-007e2000 r--p 000ab000 08:05 2760673    /usr/lib/i386-linux-gnu/libgdk-x11-2.0.so.0.2400.10
007e2000-007e3000 rw-p 000ad000 08:05 2760673    /usr/lib/i386-linux-gnu/libgdk-x11-2.0.so.0.2400.10
007e3000-00913000 r-xp 00000000 08:05 2754594    /usr/lib/i386-linux-gnu/libX11.so.6.3.0
00913000-00914000 r--p 0012f000 08:05 2754594    /usr/lib/i386-linux-gnu/libX11.so.6.3.0
00914000-00916000 rw-p 00130000 08:05 2754594    /usr/lib/i386-linux-gnu/libX11.so.6.3.0
00916000-00917000 rw-p 00000000 00:00 0 
00917000-009ac000 r-xp 00000000 08:05 2755840    /usr/lib/i386-linux-gnu/libfreetype.so.6.8.0
009ac000-009b0000 r--p 00094000 08:05 2755840    /usr/lib/i386-linux-gnu/libfreetype.so.6.8.0
009b0000-009b1000 rw-p 00098000 08:05 2755840    /usr/lib/i386-linux-gnu/libfreetype.so.6.8.0
009b1000-009b8000 r-xp 00000000 08:05 2755408    /usr/lib/i386-linux-gnu/gio/modules/libdconfsettings.so
009b8000-009b9000 r--p 00006000 08:05 2755408    /usr/lib/i386-linux-gnu/gio/modules/libdconfsettings.so
009b9000-009ba000 rw-p 00007000 08:05 2755408    /usr/lib/i386-linux-gnu/gio/modules/libdconfsettings.so
009bc000-009bf000 r-xp 00000000 08:05 412567     /lib/i386-linux-gnu/libdl-2.15.so
009bf000-009c0000 r--p 00002000 08:05 412567     /lib/i386-linux-gnu/libdl-2.15.so
009c0000-009c1000 rw-p 00003000 08:05 412567     /lib/i386-linux-gnu/libdl-2.15.so
009c1000-009e0000 r-xp 00000000 08:05 2754586    /usr/lib/i386-linux-gnu/libxcb.so.1.1.0
009e0000-009e1000 r--p 0001f000 08:05 2754586    /usr/lib/i386-linux-gnu/libxcb.so.1.1.0
009e1000-009e2000 rw-p 00020000 08:05 2754586    /usr/lib/i386-linux-gnu/libxcb.so.1.1.0
009e2000-009ff000 r-xp 00000000 08:05 2754483    /usr/lib/i386-linux-gnu/libatk-1.0.so.0.20409.1
009ff000-00a01000 r--p 0001c000 08:05 2754483    /usr/lib/i386-linux-gnu/libatk-1.0.so.0.20409.1
00a01000-00a02000 rw-p 0001e000 08:05 2754483    /usr/lib/i386-linux-gnu/libatk-1.0.so.0.20409.1
00a02000-00a18000 r-xp 00000000 08:05 412572     /lib/i386-linux-gnu/libnsl-2.15.so
00a18000-00a19000 r--p 00015000 08:05 412572     /lib/i386-linux-gnu/libnsl-2.15.so
00a19000-00a1a000 rw-p 00016000 08:05 412572     /lib/i386-linux-gnu/libnsl-2.15.so
00a1a000-00a1c000 rw-p 00000000 00:00 0 
00a1c000-00a26000 r-xp 00000000 08:05 412560     /lib/i386-linux-gnu/libnss_nis-2.15.so
00a26000-00a27000 r--p 00009000 08:05 412560     /lib/i386-linux-gnu/libnss_nis-2.15.so
00a27000-00a28000 rw-p 0000a000 08:05 412560     /lib/i386-linux-gnu/libnss_nis-2.15.so
00a28000-00a33000 r-xp 00000000 08:05 412556     /lib/i386-linux-gnu/libnss_files-2.15.so
00a33000-00a34000 r--p 0000a000 08:05 412556     /lib/i386-linux-gnu/libnss_files-2.15.so
00a34000-00a35000 rw-p 0000b000 08:05 412556     /lib/i386-linux-gnu/libnss_files-2.15.so
00a35000-00a37000 r-xp 00000000 08:05 2252924    /opt/eclipse/configuration/org.eclipse.osgi/bundles/40/2/.cp/os/linux/x86/libunixfile_1_0_0.so
00a37000-00a38000 rw-p 00001000 08:05 2252924    /opt/eclipse/configuration/org.eclipse.osgi/bundles/40/2/.cp/os/linux/x86/libunixfile_1_0_0.so
00a38000-00a3b000 r-xp 00000000 08:05 2752951    /usr/lib/i386-linux-gnu/libgmodule-2.0.so.0.3200.3
00a3b000-00a3c000 r--p 00002000 08:05 2752951    /usr/lib/i386-linux-gnu/libgmodule-2.0.so.0.3200.3
00a3c000-00a3d000 rw-p 00003000 08:05 2752951    /usr/lib/i386-linux-gnu/libgmodule-2.0.so.0.3200.3
00a3d000-00a42000 r-xp 00000000 08:05 2756539    /usr/lib/i386-linux-gnu/gtk-2.0/modules/libcanberra-gtk-module.so
00a42000-00a43000 r--p 00004000 08:05 2756539    /usr/lib/i386-linux-gnu/gtk-2.0/modules/libcanberra-gtk-module.so
00a43000-00a44000 rw-p 00005000 08:05 2756539    /usr/lib/i386-linux-gnu/gtk-2.0/modules/libcanberra-gtk-module.so
00a46000-00a4b000 r-xp 00000000 08:05 2759598    /usr/lib/i386-linux-gnu/libffi.so.6.0.0
00a4b000-00a4c000 r--p 00004000 08:05 2759598    /usr/lib/i386-linux-gnu/libffi.so.6.0.0
00a4c000-00a4d000 rw-p 00005000 08:05 2759598    /usr/lib/i386-linux-gnu/libffi.so.6.0.0
00a4d000-00a55000 r-xp 00000000 08:05 2752690    /usr/lib/i386-linux-gnu/libltdl.so.7.3.0
00a55000-00a56000 r--p 00008000 08:05 2752690    /usr/lib/i386-linux-gnu/libltdl.so.7.3.0
00a56000-00a57000 rw-p 00009000 08:05 2752690    /usr/lib/i386-linux-gnu/libltdl.so.7.3.0
00a57000-00a5b000 rwxp 00000000 00:00 0 
00a5b000-00a6b000 r-xp 00000000 08:05 2769399    /usr/lib/i386-linux-gnu/libXext.so.6.4.0
00a6b000-00a6c000 r--p 0000f000 08:05 2769399    /usr/lib/i386-linux-gnu/libXext.so.6.4.0
00a6c000-00a6d000 rw-p 00010000 08:05 2769399    /usr/lib/i386-linux-gnu/libXext.so.6.4.0
00a6d000-00a7d000 r-xp 00000000 08:05 2759531    /usr/lib/liboverlay-scrollbar-0.2.so.0.0.16
00a7d000-00a7e000 r--p 0000f000 08:05 2759531    /usr/lib/liboverlay-scrollbar-0.2.so.0.0.16
00a7e000-00a7f000 rw-p 00010000 08:05 2759531    /usr/lib/liboverlay-scrollbar-0.2.so.0.0.16
00a7f000-00a8e000 r-xp 00000000 08:05 2753304    /usr/lib/i386-linux-gnu/libcanberra.so.0.2.5
00a8e000-00a8f000 r--p 0000e000 08:05 2753304    /usr/lib/i386-linux-gnu/libcanberra.so.0.2.5
00a8f000-00a90000 rw-p 0000f000 08:05 2753304    /usr/lib/i386-linux-gnu/libcanberra.so.0.2.5
00a90000-00a96000 r-xp 00000000 08:05 2757948    /usr/lib/i386-linux-gnu/libogg.so.0.7.1
00a96000-00a97000 r--p 00005000 08:05 2757948    /usr/lib/i386-linux-gnu/libogg.so.0.7.1
00a97000-00a98000 rw-p 00006000 08:05 2757948    /usr/lib/i386-linux-gnu/libogg.so.0.7.1
00a98000-00aa3000 r-xp 00000000 08:05 2887601    /usr/lib/jvm/java-6-openjdk-i386/jre/lib/i386/libverify.so
00aa3000-00aa4000 ---p 0000b000 08:05 2887601    /usr/lib/jvm/java-6-openjdk-i386/jre/lib/i386/libverify.so
00aa4000-00aa5000 r--p 0000b000 08:05 2887601    /usr/lib/jvm/java-6-openjdk-i386/jre/lib/i386/libverify.so
00aa5000-00aa6000 rw-p 0000c000 08:05 2887601    /usr/lib/jvm/java-6-openjdk-i386/jre/lib/i386/libverify.so
00aa6000-00aad000 r-xp 00000000 08:05 2887260    /usr/lib/jvm/java-6-openjdk-i386/jre/lib/i386/libzip.so
00aad000-00aae000 r--p 00006000 08:05 2887260    /usr/lib/jvm/java-6-openjdk-i386/jre/lib/i386/libzip.so
00aae000-00aaf000 rw-p 00007000 08:05 2887260    /usr/lib/jvm/java-6-openjdk-i386/jre/lib/i386/libzip.so
00aaf000-00ab2000 r-xp 00000000 08:05 1985808    /opt/eclipse/configuration/org.eclipse.osgi/bundles/193/2/.cp/libswt-gtk-4233.so
00ab2000-00ab3000 rw-p 00002000 08:05 1985808    /opt/eclipse/configuration/org.eclipse.osgi/bundles/193/2/.cp/libswt-gtk-4233.so
00ab3000-00ab4000 rw-p 00000000 00:00 0 
00ab5000-00ac6000 r-xp 00000000 08:05 2758012    /usr/lib/i386-linux-gnu/libtdb.so.1.2.9
00ac6000-00ac7000 r--p 00010000 08:05 2758012    /usr/lib/i386-linux-gnu/libtdb.so.1.2.9
00ac7000-00ac8000 rw-p 00011000 08:05 2758012    /usr/lib/i386-linux-gnu/libtdb.so.1.2.9
00ac8000-00af1000 r-xp 00000000 08:05 2757709    /usr/lib/i386-linux-gnu/libvorbis.so.0.4.5
00af1000-00af2000 r--p 00028000 08:05 2757709    /usr/lib/i386-linux-gnu/libvorbis.so.0.4.5
00af2000-00af3000 rw-p 00029000 08:05 2757709    /usr/lib/i386-linux-gnu/libvorbis.so.0.4.5
00af3000-00b28000 r-xp 00000000 08:05 2753102    /usr/lib/i386-linux-gnu/gtk-2.0/2.10.0/engines/libmurrine.so
00b28000-00b29000 r--p 00034000 08:05 2753102    /usr/lib/i386-linux-gnu/gtk-2.0/2.10.0/engines/libmurrine.so
00b29000-00b2a000 rw-p 00035000 08:05 2753102    /usr/lib/i386-linux-gnu/gtk-2.0/2.10.0/engines/libmurrine.so
00b2a000-00b46000 r-xp 00000000 08:05 398388     /lib/i386-linux-gnu/libgcc_s.so.1
00b46000-00b47000 r--p 0001b000 08:05 398388     /lib/i386-linux-gnu/libgcc_s.so.1
00b47000-00b48000 rw-p 0001c000 08:05 398388     /lib/i386-linux-gnu/libgcc_s.so.1
00b48000-00b5d000 r-xp 00000000 08:05 2889954    /usr/lib/jvm/java-6-openjdk-i386/jre/lib/i386/libnet.so
00b5d000-00b5e000 r--p 00014000 08:05 2889954    /usr/lib/jvm/java-6-openjdk-i386/jre/lib/i386/libnet.so
00b5e000-00b5f000 rw-p 00015000 08:05 2889954    /usr/lib/jvm/java-6-openjdk-i386/jre/lib/i386/libnet.so
00b60000-00b68000 r-xp 00000000 08:05 2754589    /usr/lib/i386-linux-gnu/libxcb-render.so.0.0.0
00b68000-00b69000 r--p 00008000 08:05 2754589    /usr/lib/i386-linux-gnu/libxcb-render.so.0.0.0
00b69000-00b6a000 rw-p 00009000 08:05 2754589    /usr/lib/i386-linux-gnu/libxcb-render.so.0.0.0
00b6a000-00b90000 r-xp 00000000 08:05 2883992    /usr/lib/jvm/java-6-openjdk-i386/jre/lib/i386/libjava.so
00b90000-00b91000 r--p 00025000 08:05 2883992    /usr/lib/jvm/java-6-openjdk-i386/jre/lib/i386/libjava.so
00b91000-00b93000 rw-p 00026000 08:05 2883992    /usr/lib/jvm/java-6-openjdk-i386/jre/lib/i386/libjava.so
00b93000-00b9b000 r-xp 00000000 08:05 2887240    /usr/lib/jvm/java-6-openjdk-i386/jre/lib/i386/libnio.so
00b9b000-00b9c000 r--p 00007000 08:05 2887240    /usr/lib/jvm/java-6-openjdk-i386/jre/lib/i386/libnio.so
00b9c000-00b9d000 rw-p 00008000 08:05 2887240    /usr/lib/jvm/java-6-openjdk-i386/jre/lib/i386/libnio.so
00b9d000-00ba2000 r-xp 00000000 08:05 2757757    /usr/lib/i386-linux-gnu/libXtst.so.6.1.0
00ba2000-00ba3000 r--p 00004000 08:05 2757757    /usr/lib/i386-linux-gnu/libXtst.so.6.1.0
00ba3000-00ba4000 rw-p 00005000 08:05 2757757    /usr/lib/i386-linux-gnu/libXtst.so.6.1.0
00ba4000-00ba6000 r-xp 00000000 08:05 2757188    /usr/lib/i386-linux-gnu/pango/1.6.0/modules/pango-basic-fc.so
00ba6000-00ba7000 r--p 00001000 08:05 2757188    /usr/lib/i386-linux-gnu/pango/1.6.0/modules/pango-basic-fc.so
00ba7000-00ba8000 rw-p 00002000 08:05 2757188    /usr/lib/i386-linux-gnu/pango/1.6.0/modules/pango-basic-fc.so
00ba8000-00bad000 r-xp 00000000 08:05 2756745    /usr/lib/i386-linux-gnu/gdk-pixbuf-2.0/2.10.0/loaders/libpixbufloader-gif.so
00bad000-00bae000 r--p 00005000 08:05 2756745    /usr/lib/i386-linux-gnu/gdk-pixbuf-2.0/2.10.0/loaders/libpixbufloader-gif.so
00bae000-00baf000 rw-p 00006000 08:05 2756745    /usr/lib/i386-linux-gnu/gdk-pixbuf-2.0/2.10.0/loaders/libpixbufloader-gif.so
00baf000-00bb9000 r-xp 00000000 08:05 1985810    /opt/eclipse/configuration/org.eclipse.osgi/bundles/193/2/.cp/libswt-cairo-gtk-4233.so
00bb9000-00bba000 rw-p 0000a000 08:05 1985810    /opt/eclipse/configuration/org.eclipse.osgi/bundles/193/2/.cp/libswt-cairo-gtk-4233.so
00bba000-00bbe000 r-xp 00000000 08:05 2759884    /usr/lib/i386-linux-gnu/gdk-pixbuf-2.0/2.10.0/loaders/libpixbufloader-png.so
00bbe000-00bbf000 r--p 00003000 08:05 2759884    /usr/lib/i386-linux-gnu/gdk-pixbuf-2.0/2.10.0/loaders/libpixbufloader-png.so
00bbf000-00bc0000 rw-p 00004000 08:05 2759884    /usr/lib/i386-linux-gnu/gdk-pixbuf-2.0/2.10.0/loaders/libpixbufloader-png.so
00bc0000-00bc6000 r-xp 00000000 08:05 2753048    /usr/lib/i386-linux-gnu/gtk-2.0/2.10.0/immodules/im-ibus.so
00bc6000-00bc7000 r--p 00005000 08:05 2753048    /usr/lib/i386-linux-gnu/gtk-2.0/2.10.0/immodules/im-ibus.so
00bc7000-00bc8000 rw-p 00006000 08:05 2753048    /usr/lib/i386-linux-gnu/gtk-2.0/2.10.0/immodules/im-ibus.so
00bc8000-00bdd000 r-xp 00000000 08:05 2752990    /usr/lib/i386-linux-gnu/gvfs/libgvfscommon.so
00bdd000-00bde000 r--p 00014000 08:05 2752990    /usr/lib/i386-linux-gnu/gvfs/libgvfscommon.so
00bde000-00bdf000 rw-p 00015000 08:05 2752990    /usr/lib/i386-linux-gnu/gvfs/libgvfscommon.so
00be1000-00bf8000 r-xp 00000000 08:05 412561     /lib/i386-linux-gnu/libpthread-2.15.so
00bf8000-00bf9000 r--p 00016000 08:05 412561     /lib/i386-linux-gnu/libpthread-2.15.so
00bf9000-00bfa000 rw-p 00017000 08:05 412561     /lib/i386-linux-gnu/libpthread-2.15.so
00bfa000-00bfc000 rw-p 00000000 00:00 0 
00bfc000-00c05000 r-xp 00000000 08:05 1985817    /opt/eclipse/configuration/org.eclipse.osgi/bundles/193/2/.cp/libswt-atk-gtk-4233.so
00c05000-00c06000 rw-p 00009000 08:05 1985817    /opt/eclipse/configuration/org.eclipse.osgi/bundles/193/2/.cp/libswt-atk-gtk-4233.so
00c08000-00c0c000 r-xp 00000000 08:05 2756345    /usr/lib/i386-linux-gnu/libcanberra-gtk.so.0.1.8
00c0c000-00c0d000 r--p 00003000 08:05 2756345    /usr/lib/i386-linux-gnu/libcanberra-gtk.so.0.1.8
00c0d000-00c0e000 rw-p 00004000 08:05 2756345    /usr/lib/i386-linux-gnu/libcanberra-gtk.so.0.1.8
00c0e000-00c1c000 r-xp 00000000 08:05 394251     /lib/i386-linux-gnu/libudev.so.0.13.0
00c1c000-00c1d000 r--p 0000e000 08:05 394251     /lib/i386-linux-gnu/libudev.so.0.13.0
00c1d000-00c1e000 rw-p 0000f000 08:05 394251     /lib/i386-linux-gnu/libudev.so.0.13.0
00c1e000-00c20000 r-xp 00000000 08:05 402470     /lib/libnss_mdns4_minimal.so.2
00c20000-00c21000 r--p 00001000 08:05 402470     /lib/libnss_mdns4_minimal.so.2
00c21000-00c22000 rw-p 00002000 08:05 402470     /lib/libnss_mdns4_minimal.so.2
00c22000-00c2f000 r-xp 00000000 08:05 1326550    /opt/eclipse/plugins/org.eclipse.equinox.launcher.gtk.linux.x86_1.1.200.v20120522-1813/eclipse_1502.so
00c2f000-00c30000 rw-p 0000c000 08:05 1326550    /opt/eclipse/plugins/org.eclipse.equinox.launcher.gtk.linux.x86_1.1.200.v20120522-1813/eclipse_1502.so
00c30000-00c39000 r-xp 00000000 08:05 1988431    /opt/eclipse/configuration/org.eclipse.osgi/bundles/193/2/.cp/libswt-webkit-gtk-4233.so
00c39000-00c3a000 rw-p 00009000 08:05 1988431    /opt/eclipse/configuration/org.eclipse.osgi/bundles/193/2/.cp/libswt-webkit-gtk-4233.so
00c3a000-00c44000 r-xp 00000000 08:05 2752576    /usr/lib/libenchant.so.1.6.0
00c44000-00c45000 r--p 00009000 08:05 2752576    /usr/lib/libenchant.so.1.6.0
00c45000-00c46000 rw-p 0000a000 08:05 2752576    /usr/lib/libenchant.so.1.6.0
00c46000-00c4a000 rwxp 00000000 00:00 0 
00c4b000-00c4c000 r-xp 00000000 08:05 2752945    /usr/lib/i386-linux-gnu/libgthread-2.0.so.0.3200.3
00c4c000-00c4d000 r--p 00000000 08:05 2752945    /usr/lib/i386-linux-gnu/libgthread-2.0.so.0.3200.3
00c4d000-00c4e000 rw-p 00001000 08:05 2752945    /usr/lib/i386-linux-gnu/libgthread-2.0.so.0.3200.3
00c4e000-00c52000 rwxp 00000000 00:00 0 
00c53000-00df6000 r-xp 00000000 08:05 412552     /lib/i386-linux-gnu/libc-2.15.so
00df6000-00df7000 ---p 001a3000 08:05 412552     /lib/i386-linux-gnu/libc-2.15.so
00df7000-00df9000 r--p 001a3000 08:05 412552     /lib/i386-linux-gnu/libc-2.15.so
00df9000-00dfa000 rw-p 001a5000 08:05 412552     /lib/i386-linux-gnu/libc-2.15.so
00dfa000-00dfd000 rw-p 00000000 00:00 0 
00dfd000-00e58000 r-xp 00000000 08:05 1985809    /opt/eclipse/configuration/org.eclipse.osgi/bundles/193/2/.cp/libswt-pi-gtk-4233.so
00e58000-00e5a000 rw-p 0005a000 08:05 1985809    /opt/eclipse/configuration/org.eclipse.osgi/bundles/193/2/.cp/libswt-pi-gtk-4233.so
00e5a000-00e5b000 rw-p 00000000 00:00 0 
00e5b000-00e61000 r-xp 00000000 08:05 2754487    /usr/lib/i386-linux-gnu/libgailutil.so.18.0.1
00e61000-00e62000 r--p 00005000 08:05 2754487    /usr/lib/i386-linux-gnu/libgailutil.so.18.0.1
00e62000-00e63000 rw-p 00006000 08:05 2754487    /usr/lib/i386-linux-gnu/libgailutil.so.18.0.1
00e63000-00e6e000 r-xp 00000000 08:05 2758083    /usr/lib/i386-linux-gnu/libgstapp-0.10.so.0.25.0
00e6e000-00e6f000 r--p 0000a000 08:05 2758083    /usr/lib/i386-linux-gnu/libgstapp-0.10.so.0.25.0
00e6f000-00e70000 rw-p 0000b000 08:05 2758083    /usr/lib/i386-linux-gnu/libgstapp-0.10.so.0.25.0
00e70000-00e71000 r-xp 00000000 08:05 2757864    /usr/lib/i386-linux-gnu/gdk-pixbuf-2.0/2.10.0/loaders/libpixbufloader-svg.so
00e71000-00e72000 r--p 00000000 08:05 2757864    /usr/lib/i386-linux-gnu/gdk-pixbuf-2.0/2.10.0/loaders/libpixbufloader-svg.so
00e72000-00e73000 rw-p 00001000 08:05 2757864    /usr/lib/i386-linux-gnu/gdk-pixbuf-2.0/2.10.0/loaders/libpixbufloader-svg.so
00e73000-00e7b000 r-xp 00000000 08:05 2757799    /usr/lib/i386-linux-gnu/libvorbisfile.so.3.3.4
00e7b000-00e7c000 r--p 00007000 08:05 2757799    /usr/lib/i386-linux-gnu/libvorbisfile.so.3.3.4
00e7c000-00e7d000 rw-p 00008000 08:05 2757799    /usr/lib/i386-linux-gnu/libvorbisfile.so.3.3.4
00e7d000-00e84000 r-xp 00000000 08:05 2754551    /usr/lib/i386-linux-gnu/libSM.so.6.0.1
00e84000-00e85000 r--p 00006000 08:05 2754551    /usr/lib/i386-linux-gnu/libSM.so.6.0.1
00e85000-00e86000 rw-p 00007000 08:05 2754551    /usr/lib/i386-linux-gnu/libSM.so.6.0.1
00e87000-00e89000 r-xp 00000000 08:05 2757763    /usr/lib/i386-linux-gnu/libXinerama.so.1.0.0
00e89000-00e8a000 r--p 00001000 08:05 2757763    /usr/lib/i386-linux-gnu/libXinerama.so.1.0.0
00e8a000-00e8b000 rw-p 00002000 08:05 2757763    /usr/lib/i386-linux-gnu/libXinerama.so.1.0.0
00e8b000-00ecf000 r-xp 00000000 08:05 2758090    /usr/lib/i386-linux-gnu/libibus-1.0.so.0.401.0
00ecf000-00ed0000 r--p 00043000 08:05 2758090    /usr/lib/i386-linux-gnu/libibus-1.0.so.0.401.0
00ed0000-00ed1000 rw-p 00044000 08:05 2758090    /usr/lib/i386-linux-gnu/libibus-1.0.so.0.401.0
00ed1000-00efa000 r-xp 00000000 08:05 2752989    /usr/lib/i386-linux-gnu/gio/modules/libgvfsdbus.so
00efa000-00efb000 r--p 00028000 08:05 2752989    /usr/lib/i386-linux-gnu/gio/modules/libgvfsdbus.so
00efb000-00efc000 rw-p 00029000 08:05 2752989    /usr/lib/i386-linux-gnu/gio/modules/libgvfsdbus.so
00efc000-00f0e000 r-xp 00000000 08:05 2752784    /usr/lib/libgeoclue.so.0.0.0
00f0e000-00f0f000 r--p 00011000 08:05 2752784    /usr/lib/libgeoclue.so.0.0.0
00f0f000-00f10000 rw-p 00012000 08:05 2752784    /usr/lib/libgeoclue.so.0.0.0
00f10000-00f1f000 r-xp 00000000 08:05 2758123    /usr/lib/i386-linux-gnu/libgstinterfaces-0.10.so.0.25.0
00f1f000-00f20000 r--p 0000f000 08:05 2758123    /usr/lib/i386-linux-gnu/libgstinterfaces-0.10.so.0.25.0
00f20000-00f21000 rw-p 00010000 08:05 2758123    /usr/lib/i386-linux-gnu/libgstinterfaces-0.10.so.0.25.0
00f24000-00f56000 r-xp 00000000 08:05 2755752    /usr/lib/i386-linux-gnu/libfontconfig.so.1.4.4
00f56000-00f57000 r--p 00032000 08:05 2755752    /usr/lib/i386-linux-gnu/libfontconfig.so.1.4.4
00f57000-00f58000 rw-p 00033000 08:05 2755752    /usr/lib/i386-linux-gnu/libfontconfig.so.1.4.4
00f58000-00f5c000 r-xp 00000000 08:05 393375     /lib/i386-linux-gnu/libuuid.so.1.3.0
00f5c000-00f5d000 r--p 00003000 08:05 393375     /lib/i386-linux-gnu/libuuid.so.1.3.0
00f5d000-00f5e000 rw-p 00004000 08:05 393375     /lib/i386-linux-gnu/libuuid.so.1.3.0
00f5e000-00f63000 r-xp 00000000 08:05 1988432    /opt/eclipse/configuration/org.eclipse.osgi/bundles/193/2/.cp/libswt-xpcominit-gtk-4233.so
00f63000-00f65000 rw-p 00005000 08:05 1988432    /opt/eclipse/configuration/org.eclipse.osgi/bundles/193/2/.cp/libswt-xpcominit-gtk-4233.so
00f67000-00f6c000 r-xp 00000000 08:05 412558     /lib/i386-linux-gnu/libnss_dns-2.15.so
00f6c000-00f6d000 r--p 00004000 08:05 412558     /lib/i386-linux-gnu/libnss_dns-2.15.so
00f6d000-00f6e000 rw-p 00005000 08:05 412558     /lib/i386-linux-gnu/libnss_dns-2.15.so
00f6e000-00f8e000 r-xp 00000000 08:05 2758096    /usr/lib/i386-linux-gnu/libgstpbutils-0.10.so.0.25.0
00f8e000-00f8f000 ---p 00020000 08:05 2758096    /usr/lib/i386-linux-gnu/libgstpbutils-0.10.so.0.25.0
00f8f000-00f90000 r--p 00020000 08:05 2758096    /usr/lib/i386-linux-gnu/libgstpbutils-0.10.so.0.25.0
00f90000-00f91000 rw-p 00021000 08:05 2758096    /usr/lib/i386-linux-gnu/libgstpbutils-0.10.so.0.25.0
00f91000-00f95000 r-xp 00000000 08:05 2757051    /usr/lib/i386-linux-gnu/gio/modules/libgiognomeproxy.so
00f95000-00f96000 r--p 00003000 08:05 2757051    /usr/lib/i386-linux-gnu/gio/modules/libgiognomeproxy.so
00f96000-00f97000 rw-p 00004000 08:05 2757051    /usr/lib/i386-linux-gnu/gio/modules/libgiognomeproxy.so
00f9d000-00fa6000 r-xp 00000000 08:05 2757752    /usr/lib/i386-linux-gnu/libXcursor.so.1.0.2
00fa6000-00fa7000 r--p 00008000 08:05 2757752    /usr/lib/i386-linux-gnu/libXcursor.so.1.0.2
00fa7000-00fa8000 rw-p 00009000 08:05 2757752    /usr/lib/i386-linux-gnu/libXcursor.so.1.0.2
00fa8000-00fef000 r-xp 00000000 08:05 398226     /lib/i386-linux-gnu/libdbus-1.so.3.5.8
00fef000-00ff0000 r--p 00047000 08:05 398226     /lib/i386-linux-gnu/libdbus-1.so.3.5.8
00ff0000-00ff1000 rw-p 00048000 08:05 398226     /lib/i386-linux-gnu/libdbus-1.so.3.5.8
00ff5000-00ffd000 r-xp 00000000 08:05 2754593    /usr/lib/i386-linux-gnu/libXrender.so.1.3.0
00ffd000-00ffe000 r--p 00007000 08:05 2754593    /usr/lib/i386-linux-gnu/libXrender.so.1.3.0
00ffe000-00fff000 rw-p 00008000 08:05 2754593    /usr/lib/i386-linux-gnu/libXrender.so.1.3.0
00fff000-0145f000 r-xp 00000000 08:05 2760672    /usr/lib/i386-linux-gnu/libgtk-x11-2.0.so.0.2400.10
0145f000-01463000 r--p 00460000 08:05 2760672    /usr/lib/i386-linux-gnu/libgtk-x11-2.0.so.0.2400.10
01463000-01465000 rw-p 00464000 08:05 2760672    /usr/lib/i386-linux-gnu/libgtk-x11-2.0.so.0.2400.10
01465000-01467000 rw-p 00000000 00:00 0 
01467000-0153f000 r-xp 00000000 08:05 2752865    /usr/lib/i386-linux-gnu/libstdc++.so.6.0.16
0153f000-01540000 ---p 000d8000 08:05 2752865    /usr/lib/i386-linux-gnu/libstdc++.so.6.0.16
01540000-01544000 r--p 000d8000 08:05 2752865    /usr/lib/i386-linux-gnu/libstdc++.so.6.0.16
01544000-01545000 rw-p 000dc000 08:05 2752865    /usr/lib/i386-linux-gnu/libstdc++.so.6.0.16
01545000-0154c000 rw-p 00000000 00:00 0 
0154c000-029fb000 r-xp 00000000 08:05 2756942    /usr/lib/libwebkitgtk-1.0.so.0.13.2
029fb000-02ab4000 r--p 014ae000 08:05 2756942    /usr/lib/libwebkitgtk-1.0.so.0.13.2
02ab4000-02abd000 rw-p 01567000 08:05 2756942    /usr/lib/libwebkitgtk-1.0.so.0.13.2
02abd000-02ac4000 rw-p 00000000 00:00 0 
02ac4000-02b22000 r-xp 00000000 08:05 2756043    /usr/lib/i386-linux-gnu/libgstbase-0.10.so.0.30.0
02b22000-02b23000 r--p 0005d000 08:05 2756043    /usr/lib/i386-linux-gnu/libgstbase-0.10.so.0.30.0
02b23000-02b24000 rw-p 0005e000 08:05 2756043    /usr/lib/i386-linux-gnu/libgstbase-0.10.so.0.30.0
02b24000-02c07000 r-xp 00000000 08:05 2759014    /usr/lib/i386-linux-gnu/libgstreamer-0.10.so.0.30.0
02c07000-02c0a000 r--p 000e2000 08:05 2759014    /usr/lib/i386-linux-gnu/libgstreamer-0.10.so.0.30.0
02c0a000-02c0b000 rw-p 000e5000 08:05 2759014    /usr/lib/i386-linux-gnu/libgstreamer-0.10.so.0.30.0
02c0b000-02c0c000 rw-p 00000000 00:00 0 
02c0c000-02c51000 r-xp 00000000 08:05 2756053    /usr/lib/i386-linux-gnu/libjpeg.so.8.0.2
02c51000-02c52000 r--p 00044000 08:05 2756053    /usr/lib/i386-linux-gnu/libjpeg.so.8.0.2
02c52000-02c53000 rw-p 00045000 08:05 2756053    /usr/lib/i386-linux-gnu/libjpeg.so.8.0.2
02c53000-02c63000 rw-p 00000000 00:00 0 
02c63000-02cc8000 r-xp 00000000 08:05 2758367    /usr/lib/i386-linux-gnu/libsoup-2.4.so.1.5.0
02cc8000-02cc9000 r--p 00064000 08:05 2758367    /usr/lib/i386-linux-gnu/libsoup-2.4.so.1.5.0
02cc9000-02cca000 rw-p 00065000 08:05 2758367    /usr/lib/i386-linux-gnu/libsoup-2.4.so.1.5.0
02cca000-02ccb000 rw-p 00000000 00:00 0 
02ccb000-02d23000 r-xp 00000000 08:05 2754608    /usr/lib/i386-linux-gnu/libXt.so.6.0.0
02d23000-02d24000 r--p 00057000 08:05 2754608    /usr/lib/i386-linux-gnu/libXt.so.6.0.0
02d24000-02d27000 rw-p 00058000 08:05 2754608    /usr/lib/i386-linux-gnu/libXt.so.6.0.0
02d27000-02d4b000 r-xp 00000000 08:05 2752689    /usr/lib/i386-linux-gnu/libdbus-glib-1.so.2.2.2
02d4b000-02d4c000 r--p 00023000 08:05 2752689    /usr/lib/i386-linux-gnu/libdbus-glib-1.so.2.2.2
02d4c000-02d4d000 rw-p 00024000 08:05 2752689    /usr/lib/i386-linux-gnu/libdbus-glib-1.so.2.2.2
02d4d000-02dd8000 r-xp 00000000 08:05 2753652    /usr/lib/i386-linux-gnu/liborc-0.4.so.0.16.0
02dd8000-02dd9000 r--p 0008a000 08:05 2753652    /usr/lib/i386-linux-gnu/liborc-0.4.so.0.16.0
02dd9000-02ddd000 rw-p 0008b000 08:05 2753652    /usr/lib/i386-linux-gnu/liborc-0.4.so.0.16.0
02ddd000-02df3000 r-xp 00000000 08:05 2754542    /usr/lib/i386-linux-gnu/libICE.so.6.3.0
02df3000-02df4000 r--p 00015000 08:05 2754542    /usr/lib/i386-linux-gnu/libICE.so.6.3.0
02df4000-02df5000 rw-p 00016000 08:05 2754542    /usr/lib/i386-linux-gnu/libICE.so.6.3.0
02df5000-02df7000 rw-p 00000000 00:00 0 
02df7000-02e2e000 r-xp 00000000 08:05 2757861    /usr/lib/i386-linux-gnu/librsvg-2.so.2.36.1
02e2e000-02e2f000 r--p 00036000 08:05 2757861    /usr/lib/i386-linux-gnu/librsvg-2.so.2.36.1
02e2f000-02e30000 rw-p 00037000 08:05 2757861    /usr/lib/i386-linux-gnu/librsvg-2.so.2.36.1
02e30000-02e68000 r-xp 00000000 08:05 2752986    /usr/lib/i386-linux-gnu/libcroco-0.6.so.3.0.1
02e68000-02e69000 ---p 00038000 08:05 2752986    /usr/lib/i386-linux-gnu/libcroco-0.6.so.3.0.1
02e69000-02e6b000 r--p 00038000 08:05 2752986    /usr/lib/i386-linux-gnu/libcroco-0.6.so.3.0.1
02e6b000-02e6c000 rw-p 0003a000 08:05 2752986    /usr/lib/i386-linux-gnu/libcroco-0.6.so.3.0.1
032fc000-0339e000 r-xp 00000000 08:05 2752718    /usr/lib/i386-linux-gnu/libsqlite3.so.0.8.6
0339e000-0339f000 r--p 000a2000 08:05 2752718    /usr/lib/i386-linux-gnu/libsqlite3.so.0.8.6
0339f000-033a0000 rw-p 000a3000 08:05 2752718    /usr/lib/i386-linux-gnu/libsqlite3.so.0.8.6
033a0000-033a1000 rw-p 00000000 00:00 0 
033a1000-04510000 r-xp 00000000 08:05 2754605    /usr/lib/libicudata.so.48.1.1
04510000-04511000 r--p 0116e000 08:05 2754605    /usr/lib/libicudata.so.48.1.1
04511000-04512000 rw-p 0116f000 08:05 2754605    /usr/lib/libicudata.so.48.1.1
0452a000-046f8000 r-xp 00000000 08:05 2757745    /usr/lib/libicui18n.so.48.1.1
046f8000-046f9000 ---p 001ce000 08:05 2757745    /usr/lib/libicui18n.so.48.1.1
046f9000-046ff000 r--p 001ce000 08:05 2757745    /usr/lib/libicui18n.so.48.1.1
046ff000-04700000 rw-p 001d4000 08:05 2757745    /usr/lib/libicui18n.so.48.1.1
04700000-04701000 rw-p 00000000 00:00 0 
048dc000-04a23000 r-xp 00000000 08:05 2757907    /usr/lib/i386-linux-gnu/libxml2.so.2.7.8
04a23000-04a27000 r--p 00147000 08:05 2757907    /usr/lib/i386-linux-gnu/libxml2.so.2.7.8
04a27000-04a28000 rw-p 0014b000 08:05 2757907    /usr/lib/i386-linux-gnu/libxml2.so.2.7.8
04a28000-04a29000 rw-p 00000000 00:00 0 
0543e000-0545a000 r-xp 00000000 08:05 2758118    /usr/lib/i386-linux-gnu/libgstvideo-0.10.so.0.25.0
0545a000-0545b000 r--p 0001b000 08:05 2758118    /usr/lib/i386-linux-gnu/libgstvideo-0.10.so.0.25.0
0545b000-0545c000 rw-p 0001c000 08:05 2758118    /usr/lib/i386-linux-gnu/libgstvideo-0.10.so.0.25.0
05847000-0599d000 r-xp 00000000 08:05 2755161    /usr/lib/libicuuc.so.48.1.1
0599d000-059a7000 r--p 00155000 08:05 2755161    /usr/lib/libicuuc.so.48.1.1
059a7000-059a8000 rw-p 0015f000 08:05 2755161    /usr/lib/libicuuc.so.48.1.1
059a8000-059ac000 rw-p 00000000 00:00 0 
0651e000-068c5000 r-xp 00000000 08:05 2752584    /usr/lib/libjavascriptcoregtk-1.0.so.0.13.2
068c5000-068cc000 r--p 003a6000 08:05 2752584    /usr/lib/libjavascriptcoregtk-1.0.so.0.13.2
068cc000-068d0000 rw-p 003ad000 08:05 2752584    /usr/lib/libjavascriptcoregtk-1.0.so.0.13.2
068d0000-068e1000 rw-p 00000000 00:00 0 
06f6b000-0747e000 r-xp 00000000 08:05 2887564    /usr/lib/jvm/java-6-openjdk-i386/jre/lib/i386/client/libjvm.so
0747e000-07495000 r--p 00512000 08:05 2887564    /usr/lib/jvm/java-6-openjdk-i386/jre/lib/i386/client/libjvm.so
07495000-074a2000 rw-p 00529000 08:05 2887564    /usr/lib/jvm/java-6-openjdk-i386/jre/lib/i386/client/libjvm.so
074a2000-078ba000 rw-p 00000000 00:00 0 
08048000-0804c000 r-xp 00000000 08:05 1326942    /opt/eclipse/eclipse
0804c000-0804d000 rw-p 00003000 08:05 1326942    /opt/eclipse/eclipse
081fa000-08234000 r-xp 00000000 08:05 2758808    /usr/lib/i386-linux-gnu/libxslt.so.1.1.26
08234000-08235000 r--p 00039000 08:05 2758808    /usr/lib/i386-linux-gnu/libxslt.so.1.1.26
08235000-08236000 rw-p 0003a000 08:05 2758808    /usr/lib/i386-linux-gnu/libxslt.so.1.1.26
08e47000-09bd1000 rw-p 00000000 00:00 0          [heap]
63780000-69180000 rw-p 00000000 00:00 0 
69180000-6e220000 rw-p 00000000 00:00 0 
6e220000-795f3000 rw-p 00000000 00:00 0 
795f3000-83780000 rw-p 00000000 00:00 0 
83780000-87980000 rw-p 00000000 00:00 0 
87980000-87d00000 ---p 00000000 00:00 0 
87d00000-93780000 rw-p 00000000 00:00 0 
93780000-93ee1000 r--s 00001000 08:05 2886602    /usr/lib/jvm/java-6-openjdk-i386/jre/lib/i386/client/classes.jsa
93ee1000-94180000 rw-p 00000000 00:00 0 
94180000-948c9000 rw-p 00762000 08:05 2886602    /usr/lib/jvm/java-6-openjdk-i386/jre/lib/i386/client/classes.jsa
948c9000-94d80000 rw-p 00000000 00:00 0 
94d80000-94e7c000 rw-p 00eab000 08:05 2886602    /usr/lib/jvm/java-6-openjdk-i386/jre/lib/i386/client/classes.jsa
94e7c000-95180000 rw-p 00000000 00:00 0 
95180000-95188000 r-xs 00fa7000 08:05 2886602    /usr/lib/jvm/java-6-openjdk-i386/jre/lib/i386/client/classes.jsa
95188000-95580000 rw-p 00000000 00:00 0 
ad300000-ad448000 rw-p 00000000 00:00 0 
ad448000-ad500000 ---p 00000000 00:00 0 
ad500000-ad580000 rw-p 00000000 00:00 0 
ad580000-ad600000 ---p 00000000 00:00 0 
ad6d4000-ad7d4000 rw-p 00000000 00:00 0 
ad7d4000-ad7d5000 ---p 00000000 00:00 0 
ad7d5000-adfd5000 rw-p 00000000 00:00 0 
adfd5000-ae3d5000 rw-p 00000000 00:00 0 
ae3d5000-ae3d6000 ---p 00000000 00:00 0 
ae3d6000-aebd6000 rw-p 00000000 00:00 0 
aebd6000-aebd7000 ---p 00000000 00:00 0 
aebd7000-af4ff000 rw-p 00000000 00:00 0 
af4ff000-af500000 ---p 00000000 00:00 0 
af500000-afd00000 rw-p 00000000 00:00 0 
afd00000-afe00000 rw-p 00000000 00:00 0 
afe07000-afe59000 r--p 00000000 08:05 658931     /usr/share/fonts/truetype/ttf-dejavu/DejaVuSansMono.ttf
afe59000-afea3000 r--p 00000000 08:05 2622178    /usr/share/fonts/truetype/msttcorefonts/Courier_New.ttf
afea3000-afec2000 rw-p 00000000 00:00 0 
aff00000-afffa000 rw-p 00000000 00:00 0 
afffa000-b0000000 ---p 00000000 00:00 0 
b0022000-b0080000 r--s 00696000 08:05 2108377    /opt/android-sdk-linux/platforms/android-13/data/layoutlib.jar
b0082000-b00cd000 r--s 003d0000 08:05 1326624    /opt/eclipse/plugins/org.eclipse.pde.ui_3.7.0.v20120605-203027.jar
b00cd000-b013e000 r--s 007ee000 08:05 1977501    /opt/android-sdk-linux/platforms/android-16/data/layoutlib.jar
b0147000-b0165000 r--s 00180000 08:05 1326839    /opt/eclipse/plugins/org.eclipse.team.cvs.ui_3.3.500.v20120522-1148.jar
b0165000-b0198000 r--s 0024b000 08:05 1326899    /opt/eclipse/plugins/org.eclipse.debug.ui_3.8.0.v20120530-1753.jar
b0198000-b0200000 r--s 00749000 08:05 2103872    /opt/android-sdk-linux/platforms/android-14/data/layoutlib.jar
b0200000-b0300000 rw-p 00000000 00:00 0 
b0306000-b035e000 r--p 00000000 08:05 663096     /usr/share/fonts/truetype/ubuntu-font-family/Ubuntu-BI.ttf
b035e000-b0361000 ---p 00000000 00:00 0 
b0361000-b03af000 rw-p 00000000 00:00 0 
b03af000-b03b2000 ---p 00000000 00:00 0 
b03b2000-b0400000 rw-p 00000000 00:00 0 
b0400000-b04fa000 rw-p 00000000 00:00 0 
b04fa000-b0500000 ---p 00000000 00:00 0 
b0500000-b0572000 rw-p 00000000 00:00 0 
b0572000-b0600000 ---p 00000000 00:00 0 
b0610000-b062f000 rw-p 00000000 00:00 0 
b0642000-b06a1000 r--p 00000000 08:05 662543     /usr/share/fonts/truetype/ubuntu-font-family/Ubuntu-RI.ttf
b06a1000-b06bd000 r--s 00145000 08:05 1326890    /opt/eclipse/plugins/org.eclipse.team.ui_3.6.200.v20120522-1148.jar
b06bd000-b06d7000 r--s 0017e000 08:05 1327375    /opt/eclipse/plugins/org.eclipse.jgit_2.0.0.201206130900-r.jar
b06d7000-b0700000 r--s 001f6000 08:05 1327374    /opt/eclipse/plugins/org.eclipse.egit.ui_2.0.0.201206130900-r.jar
b0700000-b07fc000 rw-p 00000000 00:00 0 
b07fc000-b0800000 ---p 00000000 00:00 0 
b0806000-b0882000 rw-p 00000000 00:00 0 
b0882000-b0885000 ---p 00000000 00:00 0 
b0885000-b08d3000 rw-p 00000000 00:00 0 
b08d3000-b08d6000 ---p 00000000 00:00 0 
b08d6000-b0924000 rw-p 00000000 00:00 0 
b0924000-b0927000 ---p 00000000 00:00 0 
b0927000-b0975000 rw-p 00000000 00:00 0 
b0975000-b0978000 ---p 00000000 00:00 0 
b0978000-b09c6000 rw-p 00000000 00:00 0 
b09c6000-b09c9000 ---p 00000000 00:00 0 
b09c9000-b0a17000 rw-p 00000000 00:00 0 
b0a17000-b0a1a000 ---p 00000000 00:00 0 
b0a1a000-b0a68000 rw-p 00000000 00:00 0 
b0a68000-b0a6b000 ---p 00000000 00:00 0 
b0a6b000-b0ab9000 rw-p 00000000 00:00 0 
b0ab9000-b0abc000 ---p 00000000 00:00 0 
b0abc000-b0b0a000 rw-p 00000000 00:00 0 
b0b0a000-b0b0d000 ---p 00000000 00:00 0 
b0b0d000-b0b5b000 rw-p 00000000 00:00 0 
b0b5b000-b0b5e000 ---p 00000000 00:00 0 
b0b5e000-b0bac000 rw-p 00000000 00:00 0 
b0bac000-b0baf000 ---p 00000000 00:00 0 
b0baf000-b0bfd000 rw-p 00000000 00:00 0 
b0bfd000-b0c00000 ---p 00000000 00:00 0 
b0c00000-b0c4e000 rw-p 00000000 00:00 0 
b0c4e000-b0c51000 ---p 00000000 00:00 0 
b0c51000-b0c9f000 rw-p 00000000 00:00 0 
b0cac000-b0cfe000 r--p 00000000 08:05 663095     /usr/share/fonts/truetype/ubuntu-font-family/Ubuntu-B.ttf
b0cfe000-b1e8e000 r--p 00000000 08:05 921176     /usr/share/icons/hicolor/icon-theme.cache
b1e8e000-b2779000 r--p 00000000 08:05 919352     /usr/share/icons/gnome/icon-theme.cache
b2779000-b2862000 r--p 00000000 08:05 792045     /usr/share/icons/Humanity/icon-theme.cache
b2862000-b286d000 r--p 00000000 08:05 933907     /usr/share/icons/Humanity-Dark/icon-theme.cache
b286d000-b2890000 r--p 00000000 08:05 936521     /usr/share/icons/ubuntu-mono-dark/icon-theme.cache
b2895000-b28ac000 r--s 00130000 08:05 1327082    /opt/eclipse/plugins/org.apache.xerces_2.9.0.v201101211617.jar
b28ac000-b28bb000 r--s 000f3000 08:05 2252939    /opt/eclipse/configuration/org.eclipse.osgi/bundles/231/2/.cp/libs/lombok-ast-0.2.jar
b28bb000-b28c4000 r--s 00059000 08:05 1326558    /opt/eclipse/plugins/org.eclipse.team.core_3.6.100.v20120524-0627.jar
b28c4000-b28c7000 ---p 00000000 00:00 0 
b28c7000-b2915000 rw-p 00000000 00:00 0 
b2915000-b2918000 ---p 00000000 00:00 0 
b2918000-b2966000 rw-p 00000000 00:00 0 
b2966000-b296b000 r--s 00038000 08:05 1326509    /opt/eclipse/plugins/org.eclipse.text_3.5.200.v20120523-1310.jar
b296b000-b2a01000 r--s 00944000 08:05 1326450    /opt/eclipse/plugins/org.eclipse.jdt.ui_3.8.0.v20120524-1551.jar
b2a01000-b2a2b000 r--s 0044e000 08:05 1326620    /opt/eclipse/plugins/org.eclipse.jdt.core_3.8.1.v20120531-0637.jar
b2a2f000-b2a35000 r--s 00054000 08:05 2369502    /opt/eclipse/configuration/org.eclipse.osgi/bundles/232/2/.cp/libs/sdklib.jar
b2a35000-b2a3a000 r--s 00028000 08:05 2369500    /opt/eclipse/configuration/org.eclipse.osgi/bundles/232/2/.cp/libs/httpcore-4.1.jar
b2a3a000-b2a42000 r--s 0004e000 08:05 2369499    /opt/eclipse/configuration/org.eclipse.osgi/bundles/232/2/.cp/libs/httpclient-4.1.1.jar
b2a42000-b2a60000 r--s 00151000 08:05 2369498    /opt/eclipse/configuration/org.eclipse.osgi/bundles/232/2/.cp/libs/guava-10.0.1.jar
b2a60000-b2a62000 r--s 0000d000 08:05 2369497    /opt/eclipse/configuration/org.eclipse.osgi/bundles/232/2/.cp/libs/commons-logging-1.1.1.jar
b2a62000-b2a66000 r--s 00020000 08:05 2369496    /opt/eclipse/configuration/org.eclipse.osgi/bundles/232/2/.cp/libs/commons-compress-1.0.jar
b2a66000-b2a68000 r--s 0000d000 08:05 2369495    /opt/eclipse/configuration/org.eclipse.osgi/bundles/232/2/.cp/libs/commons-codec-1.4.jar
b2a68000-b2a6a000 r--s 00009000 08:05 2369494    /opt/eclipse/configuration/org.eclipse.osgi/bundles/232/2/.cp/libs/common.jar
b2a6a000-b2a6b000 r--s 00000000 08:05 2369493    /opt/eclipse/configuration/org.eclipse.osgi/bundles/232/2/.cp/libs/androidprefs.jar
b2a6b000-b2a6c000 r--s 00259000 08:05 1327100    /opt/eclipse/plugins/com.android.ide.eclipse.base_20.0.3.v201208082019-427395.jar
b2a6c000-b2a6e000 r--s 00013000 08:05 2252934    /opt/eclipse/configuration/org.eclipse.osgi/bundles/231/2/.cp/libs/ide_common.jar
b2a6e000-b2a70000 r--s 00006000 08:05 2252933    /opt/eclipse/configuration/org.eclipse.osgi/bundles/231/2/.cp/libs/layoutlib_api.jar
b2a70000-b2a81000 r--s 000d3000 08:05 2252932    /opt/eclipse/configuration/org.eclipse.osgi/bundles/231/2/.cp/libs/freemarker-2.3.19.jar
b2a81000-b2a82000 r--s 0000a000 08:05 2252931    /opt/eclipse/configuration/org.eclipse.osgi/bundles/231/2/.cp/libs/kxml2-2.3.0.jar
b2a82000-b2a83000 r--s 00002000 08:05 2252930    /opt/eclipse/configuration/org.eclipse.osgi/bundles/231/2/.cp/libs/ninepatch.jar
b2a83000-b2a8c000 r--s 00052000 08:05 2252929    /opt/eclipse/configuration/org.eclipse.osgi/bundles/231/2/.cp/libs/sdkuilib.jar
b2a96000-b2ac7000 r--s 00630000 08:05 1327097    /opt/eclipse/plugins/com.android.ide.eclipse.adt_20.0.3.v201208082019-427395.jar
b2ad4000-b2ae6000 r--s 000dc000 08:05 1327096    /opt/eclipse/plugins/org.eclipse.wst.xml.ui_1.1.300.v201205022014.jar
b2ae6000-b2ae8000 r--s 00013000 08:05 2883958    /usr/lib/jvm/java-6-openjdk-common/jre/lib/jce.jar
b2af3000-b2afe000 r--s 00084000 08:05 1326658    /opt/eclipse/plugins/org.eclipse.ui.workbench.texteditor_3.8.0.v20120523-1310.jar
b2b02000-b2b0d000 r--s 000c2000 08:05 1326457    /opt/eclipse/plugins/org.eclipse.pde.api.tools_1.0.400.v20120523-2012.jar
b2b0d000-b2b27000 r--s 00139000 08:05 1326530    /opt/eclipse/plugins/org.eclipse.jdt.debug.ui_3.6.100.v20120530-1425.jar
b2b27000-b2b2a000 ---p 00000000 00:00 0 
b2b2a000-b2b78000 rw-p 00000000 00:00 0 
b2b7e000-b2b8e000 r--s 000dc000 08:05 1326640    /opt/eclipse/plugins/org.eclipse.ant.ui_3.5.300.v20120523-1752.jar
b2ba4000-b2bb0000 r--s 00071000 08:05 2369518    /opt/eclipse/configuration/org.eclipse.osgi/bundles/233/2/.cp/libs/ddmuilib.jar
b2bb0000-b2bc4000 r--s 000df000 08:05 1326613    /opt/eclipse/plugins/org.eclipse.jface.text_3.8.0.v20120531-0600.jar
b2bc4000-b2bcb000 r--s 00049000 08:05 1326695    /opt/eclipse/plugins/org.eclipse.ltk.core.refactoring_3.6.0.v20120523-1543.jar
b2bcb000-b2bd1000 r--s 00046000 08:05 2369519    /opt/eclipse/configuration/org.eclipse.osgi/bundles/233/2/.cp/libs/jcommon-1.0.12.jar
b2bd1000-b2bd5000 r--s 00233000 08:05 1327099    /opt/eclipse/plugins/com.android.ide.eclipse.ddms_20.0.3.v201208082019-427395.jar
b2bd5000-b2be1000 r--s 00081000 08:05 1326871    /opt/eclipse/plugins/org.eclipse.ui.editors_3.8.0.v20120523-1540.jar
b2be1000-b2bee000 r--s 000c6000 08:05 2100737    /opt/eclipse/plugins/org.eclipse.jdt.debug_3.7.100.v20120529-1702/jdimodel.jar
b2bee000-b2bfb000 r--s 000af000 08:05 1453086    /opt/android-sdk-linux/platform-tools/lib/dx.jar
b2bfc000-b2c00000 r--s 0000e000 08:05 2100739    /opt/eclipse/plugins/org.eclipse.jdt.debug_3.7.100.v20120529-1702/jdi.jar
b2c00000-b2cff000 rw-p 00000000 00:00 0 
b2cff000-b2d00000 ---p 00000000 00:00 0 
b2d01000-b2d0f000 r--s 000a7000 08:05 1326452    /opt/eclipse/plugins/org.eclipse.compare_3.5.300.v20120522-1148.jar
b2d0f000-b2d18000 r--s 00060000 08:05 1326663    /opt/eclipse/plugins/org.eclipse.pde.api.tools.ui_1.0.400.v20120523-2012.jar
b2d18000-b2d1b000 ---p 00000000 00:00 0 
b2d1b000-b2d69000 rw-p 00000000 00:00 0 
b2d6b000-b2d75000 r--s 00066000 08:05 1326499    /opt/eclipse/plugins/org.eclipse.ltk.ui.refactoring_3.7.0.v20120523-1543.jar
b2d75000-b2d76000 rw-p 00000000 00:00 0 
b2d79000-b2d82000 r--s 0005f000 08:05 1326614    /opt/eclipse/plugins/org.eclipse.jdt.junit_3.7.100.v20120523-1543.jar
b2d82000-b2d8a000 rw-p 00000000 00:00 0 
b2d8a000-b2d99000 r--s 000a6000 08:05 1327095    /opt/eclipse/plugins/org.eclipse.wst.xml.core_1.1.700.v201204241737.jar
b2d99000-b2da3000 r--s 00062000 08:05 1327092    /opt/eclipse/plugins/org.eclipse.wst.sse.core_1.1.700.v201205171812.jar
b2daf000-b2dbe000 r--s 0012d000 08:05 2369520    /opt/eclipse/configuration/org.eclipse.osgi/bundles/233/2/.cp/libs/jfreechart-1.0.9.jar
b2dc5000-b2dce000 r--s 0006a000 08:05 1326873    /opt/eclipse/plugins/org.eclipse.search_3.8.0.v20120523-1540.jar
b2dce000-b2df0000 r--s 00184000 08:05 1327502    /opt/eclipse/plugins/org.eclipse.mylyn.tasks.ui_3.8.0.v20120612-0600.jar
b2df0000-b2df3000 r--s 00018000 08:05 1326479    /opt/eclipse/plugins/org.eclipse.core.commands_3.6.1.v20120521-2329.jar
b2df3000-b2df9000 r--s 00049000 08:05 1326655    /opt/eclipse/plugins/org.eclipse.e4.ui.workbench.renderers.swt_0.10.1.v20120523-1955.jar
b2dfb000-b2dff000 r--s 00022000 08:05 1326732    /opt/eclipse/plugins/org.eclipse.ui_3.103.0.v20120521-2329.jar
b2dff000-b2e02000 ---p 00000000 00:00 0 
b2e02000-b2e50000 rw-p 00000000 00:00 0 
b2e50000-b2e53000 r--s 0001c000 08:05 1326458    /opt/eclipse/plugins/org.eclipse.e4.ui.workbench.addons.swt_0.10.1.v20120523-1955.jar
b2e53000-b2e54000 r--s 00002000 08:05 2252943    /opt/eclipse/configuration/org.eclipse.osgi/bundles/231/2/.cp/libs/ant-glob.jar
b2e55000-b2e5a000 r--s 00033000 08:05 1326723    /opt/eclipse/plugins/org.eclipse.e4.ui.workbench_0.10.2.v20120531-1742.jar
b2e5a000-b2e5e000 r--s 00021000 08:05 1326510    /opt/eclipse/plugins/org.eclipse.e4.ui.css.swt_0.10.1.v20120523-1955.jar
b2e5e000-b2e62000 r--s 00024000 08:05 1326680    /opt/eclipse/plugins/org.eclipse.ui.console_3.5.100.v20120521-2012.jar
b2e63000-b2e6b000 r--s 0004d000 08:05 1326747    /opt/eclipse/plugins/org.eclipse.debug.core_3.7.100.v20120521-2012.jar
b2e6b000-b2e6e000 r--s 0001a000 08:05 1327460    /opt/eclipse/plugins/org.eclipse.mylyn.context.core_3.8.0.v20120612-0600.jar
b2e6e000-b2e72000 r--s 0001a000 08:05 1326470    /opt/eclipse/plugins/org.eclipse.ui.navigator.resources_3.4.400.v20120523-1955.jar
b2e72000-b2e77000 r--s 00025000 08:05 1326641    /opt/eclipse/plugins/org.eclipse.e4.ui.workbench.swt_0.10.1.v20120525-2014.jar
b2e78000-b2e87000 r--s 0005f000 08:05 2252942    /opt/eclipse/configuration/org.eclipse.osgi/bundles/231/2/.cp/libs/propertysheet.jar
b2e87000-b2e8a000 ---p 00000000 00:00 0 
b2e8a000-b2ed8000 rw-p 00000000 00:00 0 
b2ed9000-b2edb000 r--s 00004000 08:05 2252941    /opt/eclipse/configuration/org.eclipse.osgi/bundles/231/2/.cp/libs/asm-tree-4.0.jar
b2edb000-b2ee6000 r--s 000bb000 08:05 1326925    /opt/eclipse/plugins/org.eclipse.core.resources_3.8.0.v20120522-2034.jar
b2ee6000-b2f8b000 r--p 00000000 08:05 658929     /usr/share/fonts/truetype/ttf-dejavu/DejaVuSans-Bold.ttf
b2f8b000-b2feb000 rw-s 00000000 00:04 746094594  /SYSV00000000 (deleted)
b2feb000-b3013000 r--s 00219000 08:05 1326917    /opt/eclipse/plugins/org.eclipse.ui.ide_3.8.0.v20120521-2329.jar
b3013000-b3030000 r--p 00000000 08:05 789467     /usr/share/fonts/truetype/droid/DroidSansMono.ttf
b3030000-b3087000 r--p 00000000 08:05 662539     /usr/share/fonts/truetype/ubuntu-font-family/Ubuntu-R.ttf
b3087000-b3088000 r--s 00000000 08:05 1452668    /var/cache/fontconfig/c05880de57d1f5e948fdfacc138775d9-le32d4.cache-3
b3088000-b308e000 r--s 00000000 08:05 1452666    /var/cache/fontconfig/945677eb7aeaf62f1d50efc3fb3ec7d8-le32d4.cache-3
b308e000-b3090000 r--s 00000000 08:05 1452660    /var/cache/fontconfig/99e8ed0e538f840c565b6ed5dad60d56-le32d4.cache-3
b3090000-b3096000 r--s 00000000 08:05 1452659    /var/cache/fontconfig/a6d8cf8e4ec09cdbc8633c31745a07dd-le32d4.cache-3
b3096000-b3099000 r--s 00000000 08:05 1452658    /var/cache/fontconfig/2cd17615ca594fa2959ae173292e504c-le32d4.cache-3
b3099000-b309a000 r--s 00000000 08:05 1452657    /var/cache/fontconfig/e7071f4a29fa870f4323321c154eba04-le32d4.cache-3
b309a000-b309b000 r--s 00000000 08:05 1452653    /var/cache/fontconfig/0d8c3b2ac0904cb8a57a757ad11a4a08-le32d4.cache-3
b309b000-b309f000 r--s 00000000 08:05 1452647    /var/cache/fontconfig/a755afe4a08bf5b97852ceb7400b47bc-le32d4.cache-3
b309f000-b30a6000 r--s 00000000 08:05 1452646    /var/cache/fontconfig/6d41288fd70b0be22e8c3a91e032eec0-le32d4.cache-3
b30a6000-b30b1000 r--s 00000000 08:05 1452644    /var/cache/fontconfig/04aabc0a78ac019cf9454389977116d2-le32d4.cache-3
b30b1000-b30b4000 r--s 00000000 08:05 1452643    /var/cache/fontconfig/385c0604a188198f04d133e54aba7fe7-le32d4.cache-3
b30b4000-b30b5000 r--s 00000000 08:05 1452642    /var/cache/fontconfig/4794a0821666d79190d59a36cb4f44b5-le32d4.cache-3
b30b5000-b30b8000 r--s 00000000 08:05 1452631    /var/cache/fontconfig/8801497958630a81b71ace7c5f9b32a8-le32d4.cache-3
b30b8000-b30da000 r--s 00000000 08:05 1452629    /var/cache/fontconfig/365b55f210c0a22e9a19e35191240f32-le32d4.cache-3
b30da000-b30de000 r--s 00000000 08:05 1452628    /var/cache/fontconfig/3047814df9a2f067bd2d96a2b9c36e5a-le32d4.cache-3
b30de000-b30df000 r--s 00000000 08:05 1452626    /var/cache/fontconfig/56cf4f4769d0f4abc89a4895d7bd3ae1-le32d4.cache-3
b30df000-b30e0000 r--s 00000000 08:05 1452625    /var/cache/fontconfig/b9d506c9ac06c20b433354fa67a72993-le32d4.cache-3
b30e0000-b30e4000 r--s 00000000 08:05 1452620    /var/cache/fontconfig/b47c4e1ecd0709278f4910c18777a504-le32d4.cache-3
b30e4000-b30ea000 r--s 00000000 08:05 1452617    /var/cache/fontconfig/52f7bdb7ce746bfd7eaa1985bd9cfa93-le32d4.cache-3
b30ea000-b30f7000 r--s 00000000 08:05 1452616    /var/cache/fontconfig/d52a8644073d54c13679302ca1180695-le32d4.cache-3
b30f7000-b30fb000 r--s 00000000 08:05 1452615    /var/cache/fontconfig/3f7329c5293ffd510edef78f73874cfd-le32d4.cache-3
b30fb000-b30fd000 r--s 00000000 08:05 1450060    /var/cache/fontconfig/e13b20fdb08344e0e664864cc2ede53d-le32d4.cache-3
b30fd000-b3100000 r--s 00000000 08:05 1442772    /var/cache/fontconfig/7ef2298fde41cc6eeb7af42e48b7d293-le32d4.cache-3
b3100000-b31fa000 rw-p 00000000 00:00 0 
b31fa000-b3200000 ---p 00000000 00:00 0 
b3202000-b3205000 r--s 00013000 08:05 1326500    /opt/eclipse/plugins/org.eclipse.jdt.core.manipulation_1.5.0.v20120523-1543.jar
b3205000-b3241000 r--s 00629000 08:05 1326882    /opt/eclipse/plugins/com.ibm.icu_4.4.2.v20110823.jar
b3241000-b3256000 r--s 000f6000 08:05 1326769    /opt/eclipse/plugins/org.eclipse.jface_3.8.0.v20120521-2329.jar
b3256000-b3299000 r--s 0035b000 08:05 1326447    /opt/eclipse/plugins/org.eclipse.ui.workbench_3.103.0.v20120530-1824.jar
b3299000-b329c000 ---p 00000000 00:00 0 
b329c000-b32ea000 rw-p 00000000 00:00 0 
b32ea000-b32ed000 ---p 00000000 00:00 0 
b32ed000-b333b000 rw-p 00000000 00:00 0 
b333b000-b333e000 ---p 00000000 00:00 0 
b333e000-b338c000 rw-p 00000000 00:00 0 
b338c000-b338f000 ---p 00000000 00:00 0 
b338f000-b33dd000 rw-p 00000000 00:00 0 
b33dd000-b33e0000 ---p 00000000 00:00 0 
b33e0000-b342e000 rw-p 00000000 00:00 0 
b342e000-b3431000 ---p 00000000 00:00 0 
b3431000-b347f000 rw-p 00000000 00:00 0 
b347f000-b3480000 ---p 00000000 00:00 0 
b3480000-b3500000 rw-p 00000000 00:00 0 
b3500000-b35fb000 rw-p 00000000 00:00 0 
b35fb000-b3600000 ---p 00000000 00:00 0 
b3600000-b3660000 rw-p 00000000 00:00 0 
b3660000-b3700000 ---p 00000000 00:00 0 
b3702000-b3706000 r--s 0001e000 08:05 1326916    /opt/eclipse/plugins/org.eclipse.ui.externaltools_3.2.100.v20120530-1753.jar
b3706000-b370a000 r--s 00049000 08:05 1326885    /opt/eclipse/plugins/org.eclipse.jdt.launching_3.6.100.v20120523-1953.jar
b370a000-b370c000 r--s 00017000 08:05 1326748    /opt/eclipse/plugins/org.eclipse.ant.core_3.2.400.v20120523-1752.jar
b370e000-b3711000 r--s 00021000 08:05 1326453    /opt/eclipse/plugins/org.eclipse.jdt.junit.core_3.7.100.v20120523-1257.jar
b3711000-b3714000 r--s 00019000 08:05 1326800    /opt/eclipse/plugins/org.eclipse.core.filebuffers_3.5.200.v20120523-1310.jar
b3714000-b3718000 r--s 0007f000 08:05 2252936    /opt/eclipse/configuration/org.eclipse.osgi/bundles/231/2/.cp/libs/assetstudio.jar
b3718000-b372e000 r--s 00231000 08:05 1326863    /opt/eclipse/plugins/org.eclipse.swt.gtk.linux.x86_3.100.0.v4233d.jar
b372e000-b3731000 ---p 00000000 00:00 0 
b3731000-b377f000 rw-p 00000000 00:00 0 
b377f000-b3782000 ---p 00000000 00:00 0 
b3782000-b3800000 rw-p 00000000 00:00 0 
b3800000-b3900000 rw-p 00000000 00:00 0 
b3900000-b39ff000 rw-p 00000000 00:00 0 
b39ff000-b3a00000 ---p 00000000 00:00 0 
b3a01000-b3a03000 r--s 0000a000 08:05 2252940    /opt/eclipse/configuration/org.eclipse.osgi/bundles/231/2/.cp/libs/asm-4.0.jar
b3a03000-b3a05000 r--s 00007000 08:05 2252935    /opt/eclipse/configuration/org.eclipse.osgi/bundles/231/2/.cp/libs/rule_api.jar
b3a05000-b3a08000 r--s 00014000 08:05 1326735    /opt/eclipse/plugins/org.eclipse.ui.views_3.6.100.v20120521-2329.jar
b3a08000-b3a0a000 r--s 0000d000 08:05 1326816    /opt/eclipse/plugins/org.eclipse.jdt.compiler.tool_1.0.101.v20120522-1651.jar
b3a0b000-b3a0d000 r--s 00015000 08:05 2252937    /opt/eclipse/configuration/org.eclipse.osgi/bundles/231/2/.cp/libs/lint_api.jar
b3a0d000-b3a10000 ---p 00000000 00:00 0 
b3a10000-b3a5e000 rw-p 00000000 00:00 0 
b3a5e000-b3a61000 ---p 00000000 00:00 0 
b3a61000-b3aaf000 rw-p 00000000 00:00 0 
b3aaf000-b3ab2000 ---p 00000000 00:00 0 
b3ab2000-b3b00000 rw-p 00000000 00:00 0 
b3b00000-b3bff000 rw-p 00000000 00:00 0 
b3bff000-b3c00000 ---p 00000000 00:00 0 
b3c00000-b3c03000 r--s 0002b000 08:05 2369517    /opt/eclipse/configuration/org.eclipse.osgi/bundles/233/2/.cp/libs/ddmlib.jar
b3c03000-b3c06000 r--s 00013000 08:05 1326831    /opt/eclipse/plugins/org.eclipse.core.expressions_3.4.400.v20120523-2004.jar
b3c06000-b3c07000 r--s 00005000 08:05 2252945    /opt/eclipse/configuration/org.eclipse.osgi/bundles/231/2/.cp/libs/manifmerger.jar
b3c07000-b3c08000 r--s 00001000 08:05 2252944    /opt/eclipse/configuration/org.eclipse.osgi/bundles/231/2/.cp/libs/swtmenubar.jar
b3c08000-b3c0a000 r--s 00015000 08:05 1326759    /opt/eclipse/plugins/org.eclipse.core.contenttype_3.4.200.v20120523-2004.jar
b3c0a000-b3c0c000 r--s 00002000 08:05 1326782    /opt/eclipse/plugins/org.eclipse.core.runtime.compatibility.registry_3.5.100.v20120521-2346/runtime_registry_compatibility.jar
b3c0c000-b3c0f000 r--s 0002a000 08:05 1326795    /opt/eclipse/plugins/org.eclipse.equinox.registry_3.5.200.v20120522-1841.jar
b3c10000-b3c13000 r--s 0000e000 08:05 1327498    /opt/eclipse/plugins/org.eclipse.mylyn.resources.ui_3.8.0.v20120612-0600.jar
b3c13000-b3c14000 rw-p 00000000 00:00 0 
b3c14000-b3c16000 r--s 00008000 08:05 1327485    /opt/eclipse/plugins/org.eclipse.mylyn.monitor.core_3.8.0.v20120612-0600.jar
b3c16000-b3c18000 r--s 0001d000 08:05 1327115    /opt/eclipse/plugins/com.android.ide.eclipse.traceview_20.0.3.v201208082019-427395.jar
b3c18000-b3c1a000 r--s 00024000 08:05 1326895    /opt/eclipse/plugins/org.eclipse.jdt.compiler.apt_1.0.500.v20120522-1651.jar
b3c1a000-b3c1d000 r--s 00032000 08:05 2252938    /opt/eclipse/configuration/org.eclipse.osgi/bundles/231/2/.cp/libs/lint_checks.jar
b3c1d000-b3c31000 r--s 00141000 08:05 1326708    /opt/eclipse/plugins/org.eclipse.osgi_3.8.0.v20120529-1548.jar
b3c31000-b3c34000 ---p 00000000 00:00 0 
b3c34000-b3c82000 rw-p 00000000 00:00 0 
b3c82000-b3c83000 ---p 00000000 00:00 0 
b3c83000-b3d36000 rw-p 00000000 00:00 0 
b3d36000-b3ec8000 r--s 037bf000 08:05 2889957    /usr/lib/jvm/java-6-openjdk-i386/jre/lib/rt.jar
b3ec8000-b3eea000 rw-p 00000000 00:00 0 
b3eea000-b3eeb000 ---p 00000000 00:00 0 
b3eeb000-b3f49000 rw-p 00000000 00:00 0 
b3f49000-b3fa3000 rw-p 00000000 00:00 0 
b3fa3000-b3ff4000 rw-p 00000000 00:00 0 
b3ff4000-b4021000 rw-p 00000000 00:00 0 
b4021000-b4049000 rw-p 00000000 00:00 0 
b4049000-b40a4000 rw-p 00000000 00:00 0 
b40a4000-b40f4000 rw-p 00000000 00:00 0 
b40f4000-b4115000 rw-p 00000000 00:00 0 
b4115000-b4117000 ---p 00000000 00:00 0 
b4117000-b4174000 rw-p 00000000 00:00 0 
b4174000-b41bf000 rw-p 00000000 00:00 0 
b41bf000-b4200000 rw-p 00000000 00:00 0 
b4200000-b51c0000 rwxp 00000000 00:00 0 
b51c0000-b6300000 rw-p 00000000 00:00 0 
b6300000-b6302000 r--s 00003000 08:05 1326812    /opt/eclipse/plugins/org.eclipse.e4.core.commands_0.10.1.v20120523-1955.jar
b6302000-b6303000 r--s 00003000 08:05 2369503    /opt/eclipse/configuration/org.eclipse.osgi/bundles/232/2/.cp/libs/sdkstats.jar
b6303000-b6305000 r--s 00010000 08:05 2369521    /opt/eclipse/configuration/org.eclipse.osgi/bundles/233/2/.cp/libs/jfreechart-1.0.9-swt.jar
b6305000-b6308000 r--s 00018000 08:05 1326633    /opt/eclipse/plugins/org.eclipse.equinox.common_3.6.100.v20120522-1841.jar
b6308000-b630f000 r--s 000fb000 08:05 2886179    /usr/lib/jvm/java-6-openjdk-common/jre/lib/resources.jar
b630f000-b6317000 rw-s 00000000 08:05 2621474    /tmp/hsperfdata_darkmoose117/18614
b6317000-b6318000 rw-p 00000000 00:00 0 
b6318000-b6319000 ---p 00000000 00:00 0 
b6319000-b6379000 rw-s 00000000 00:04 746061825  /SYSV00000000 (deleted)
b6379000-b63ff000 rw-p 00000000 00:00 0 
b63ff000-b6400000 ---p 00000000 00:00 0 
b6400000-b6c00000 rw-p 00000000 00:00 0 
b6c00000-b6ca8000 rw-p 00000000 00:00 0 
b6ca8000-b6d00000 ---p 00000000 00:00 0 
b6d00000-b6d01000 r--s 00004000 08:05 1326843    /opt/eclipse/plugins/org.eclipse.swt_3.100.0.v4233d.jar
b6d01000-b6d02000 rw-p 00000000 00:00 0 
b6d02000-b6d04000 r--s 00005000 08:05 2369501    /opt/eclipse/configuration/org.eclipse.osgi/bundles/232/2/.cp/libs/httpmime-4.1.1.jar
b6d04000-b6d07000 r--s 0007d000 08:05 2883957    /usr/lib/jvm/java-6-openjdk-common/jre/lib/jsse.jar
b6d07000-b6d09000 r--s 0000b000 08:05 1326736    /opt/eclipse/plugins/org.eclipse.equinox.launcher_1.3.0.v20120522-1813.jar
b6d09000-b6d0c000 r--s 00077000 08:05 2886157    /usr/lib/jvm/java-6-openjdk-common/jre/lib/ext/localedata.jar
b6d0c000-b6d0f000 r--s 00031000 08:05 2886159    /usr/lib/jvm/java-6-openjdk-common/jre/lib/ext/sunjce_provider.jar
b6d0f000-b6d13000 r--s 00038000 08:05 2886151    /usr/lib/jvm/java-6-openjdk-common/jre/lib/ext/sunpkcs11.jar
b6d13000-b6d31000 r--s 00000000 08:05 138441     /usr/share/mime/mime.cache
b6d31000-b6d32000 ---p 00000000 00:00 0 
b6d32000-b7532000 rw-p 00000000 00:00 0 
b7532000-b7536000 r--p 00000000 08:05 921320     /home/darkmoose117/.config/dconf/user
b7536000-b7537000 r--s 00000000 08:05 921316     /home/darkmoose117/.cache/dconf/user
b7537000-b755b000 r--p 00000000 08:05 132470     /usr/share/glib-2.0/schemas/gschemas.compiled
b755b000-b775b000 r--p 00000000 08:05 2752639    /usr/lib/locale/locale-archive
b775b000-b775d000 rw-p 00000000 00:00 0 
b775d000-b775f000 r--s 00001000 08:05 2886167    /usr/lib/jvm/java-6-openjdk-common/jre/lib/ext/dnsns.jar
b775f000-b7761000 r--s 0000f000 08:05 2886168    /usr/lib/jvm/java-6-openjdk-common/jre/lib/ext/pulse-java.jar
b7761000-b776e000 rw-p 00000000 00:00 0 
b776e000-b776f000 r--s 00000000 08:05 1055295    /home/darkmoose117/.local/share/mime/mime.cache
b776f000-b7770000 r--s 00007000 08:05 131516     /usr/share/java/java-atk-wrapper.jar
b7770000-b7771000 r--p 002c5000 08:05 2752639    /usr/lib/locale/locale-archive
b7771000-b7773000 rw-p 00000000 00:00 0 
bfac5000-bfac8000 ---p 00000000 00:00 0 
bfac9000-bfb15000 rw-p 00000000 00:00 0          [stack]

VM Arguments:
jvm_args: -Xms40m -Xmx512m -XX:MaxPermSize=256m 
java_command: <unknown>
Launcher Type: generic

Environment Variables:
PATH=/home/darkmoose117/bin:/usr/lib/lightdm/lightdm:/usr/local/sbin:/usr/local/bin:/usr/sbin:/usr/bin:/sbin:/bin:/usr/games:/home/darkmoose117/bin/
LD_LIBRARY_PATH=/usr/lib/jvm/java-6-openjdk-i386/jre/lib/i386/client:/usr/lib/jvm/java-6-openjdk-i386/jre/lib/i386:
SHELL=/bin/bash
DISPLAY=:0.0

Signal Handlers:
SIGSEGV: [libjvm.so+0x3e3530], sa_mask[0]=0x7ffbfeff, sa_flags=0x10000004
SIGBUS: [libjvm.so+0x3e3530], sa_mask[0]=0x7ffbfeff, sa_flags=0x10000004
SIGFPE: [libjvm.so+0x300e50], sa_mask[0]=0x7ffbfeff, sa_flags=0x10000004
SIGPIPE: SIG_IGN, sa_mask[0]=0x00001000, sa_flags=0x10000000
SIGXFSZ: [libjvm.so+0x300e50], sa_mask[0]=0x7ffbfeff, sa_flags=0x10000004
SIGILL: [libjvm.so+0x300e50], sa_mask[0]=0x7ffbfeff, sa_flags=0x10000004
SIGUSR1: SIG_DFL, sa_mask[0]=0x00000000, sa_flags=0x00000000
SIGUSR2: [libjvm.so+0x300ce0], sa_mask[0]=0x00000000, sa_flags=0x10000004
SIGHUP: [libjvm.so+0x303d80], sa_mask[0]=0x7ffbfeff, sa_flags=0x10000004
SIGINT: [libjvm.so+0x303d80], sa_mask[0]=0x7ffbfeff, sa_flags=0x10000004
SIGTERM: [libjvm.so+0x303d80], sa_mask[0]=0x7ffbfeff, sa_flags=0x10000004
SIGQUIT: [libjvm.so+0x303d80], sa_mask[0]=0x7ffbfeff, sa_flags=0x10000004


---------------  S Y S T E M  ---------------

OS:Ubuntu 12.04 (precise)
uname:Linux 3.2.0-31-generic #50-Ubuntu SMP Fri Sep 7 16:17:36 UTC 2012 i686
libc:glibc 2.15 NPTL 2.15 
rlimit: STACK 8192k, CORE 0k, NPROC 7817, NOFILE 4096, AS infinity
load average:3.72 1.08 0.91

/proc/meminfo:
MemTotal:        1015160 kB
MemFree:           62764 kB
Buffers:           17752 kB
Cached:           213816 kB
SwapCached:        40292 kB
Active:           441052 kB
Inactive:         442628 kB
Active(anon):     361052 kB
Inactive(anon):   363724 kB
Active(file):      80000 kB
Inactive(file):    78904 kB
Unevictable:          16 kB
Mlocked:              16 kB
HighTotal:        128840 kB
HighFree:            132 kB
LowTotal:         886320 kB
LowFree:           62632 kB
SwapTotal:       1036284 kB
SwapFree:         707652 kB
Dirty:               744 kB
Writeback:            12 kB
AnonPages:        629952 kB
Mapped:            86480 kB
Shmem:             72608 kB
Slab:              37456 kB
SReclaimable:      17104 kB
SUnreclaim:        20352 kB
KernelStack:        3872 kB
PageTables:        10512 kB
NFS_Unstable:          0 kB
Bounce:                0 kB
WritebackTmp:          0 kB
CommitLimit:     1543864 kB
Committed_AS:    3513428 kB
VmallocTotal:     122880 kB
VmallocUsed:        8984 kB
VmallocChunk:     110244 kB
HardwareCorrupted:     0 kB
AnonHugePages:         0 kB
HugePages_Total:       0
HugePages_Free:        0
HugePages_Rsvd:        0
HugePages_Surp:        0
Hugepagesize:       4096 kB
DirectMap4k:       32760 kB
DirectMap4M:      876544 kB


CPU:total 4 (2 cores per cpu, 2 threads per core) family 6 model 28 stepping 10, cmov, cx8, fxsr, mmx, sse, sse2, sse3, ssse3, ht

Memory: 4k page, physical 1015160k(62640k free), swap 1036284k(707652k free)

vm_info: OpenJDK Client VM (20.0-b12) for linux-x86 JRE (1.6.0_24-b24), built on Sep  1 2012 19:15:39 by "buildd" with gcc 4.6.3

time: Tue Nov 20 09:33:24 2012
elapsed time: 53098 seconds

